
Gurobi 10.0.0 (win64, Java) logging started Sat Jan 14 13:12:12 2023

Set parameter Username
Academic license - for non-commercial use only - expires 2023-12-26

Gurobi 10.0.0 (win64, Java) logging started Sat Jan 14 13:14:03 2023

Set parameter Username
Academic license - for non-commercial use only - expires 2023-12-26
Gurobi Optimizer version 10.0.0 build v10.0.0rc2 (win64)

CPU model: Intel(R) Core(TM) i5-8265U CPU @ 1.60GHz, instruction set [SSE2|AVX|AVX2]
Thread count: 4 physical cores, 8 logical processors, using up to 8 threads

Optimize a model with 1704 rows, 325071 columns and 975213 nonzeros
Model fingerprint: 0x1c188e37
Variable types: 0 continuous, 325071 integer (325071 binary)
Coefficient statistics:
  Matrix range     [1e+00, 1e+00]
  Objective range  [5e+01, 9e+03]
  Bounds range     [1e+00, 1e+00]
  RHS range        [1e+00, 8e+02]
Presolve removed 42 rows and 11162 columns
Presolve time: 2.37s
Presolved: 1662 rows, 313909 columns, 941725 nonzeros
Variable types: 0 continuous, 313909 integer (313909 binary)
Deterministic concurrent LP optimizer: primal simplex, dual simplex, and barrier
Showing barrier log only...

Root barrier log...

Ordering time: 0.00s

Barrier statistics:
 AA' NZ     : 3.156e+05
 Factor NZ  : 4.829e+05 (roughly 130 MB of memory)
 Factor Ops : 2.185e+08 (less than 1 second per iteration)
 Threads    : 2

                  Objective                Residual
Iter       Primal          Dual         Primal    Dual     Compl     Time
   0   5.58410547e+09  2.39400000e+03  2.70e+06 0.00e+00  1.26e+04     4s
   1   4.76708348e+08 -8.17783247e+05  3.30e+05 7.19e+02  1.34e+03     4s
   2   3.12711198e+07 -1.21324330e+06  2.73e+04 2.73e-12  1.06e+02     4s
   3   3.94217175e+06 -8.29086136e+05  3.13e+03 2.73e-12  1.35e+01     4s
   4   1.68498361e+06 -3.55636660e+05  1.19e+03 2.73e-12  5.33e+00     4s
   5   1.00609467e+06 -2.02376869e+05  6.62e+02 1.82e-12  3.05e+00     4s
   6   5.29428802e+05 -9.15802205e+04  3.17e+02 3.64e-12  1.53e+00     5s
   7   3.35820596e+05 -4.60783662e+04  1.83e+02 1.82e-12  9.12e-01     5s
   8   2.45702028e+05 -1.86752488e+04  1.23e+02 3.64e-12  6.17e-01     5s
   9   1.32559986e+05  1.38170024e+04  5.15e+01 3.64e-12  2.67e-01     5s
  10   9.02512875e+04  2.22982292e+04  2.55e+01 3.64e-12  1.46e-01     5s
  11   7.44972463e+04  2.83869299e+04  1.66e+01 1.82e-12  9.86e-02     5s
  12   6.69821631e+04  3.19950903e+04  1.23e+01 3.64e-12  7.42e-02     5s
  13   5.26863865e+04  3.63614926e+04  4.22e+00 1.82e-12  3.23e-02     5s
  14   4.72837508e+04  4.21051249e+04  1.44e+00 3.64e-12  1.04e-02     5s
  15   4.55753575e+04  4.39610434e+04  5.99e-01 3.64e-12  3.47e-03     5s
  16   4.43235925e+04  4.42851700e+04  1.39e-02 3.64e-12  8.21e-05     5s
  17   4.42860177e+04  4.42859999e+04  6.57e-06 3.64e-12  3.95e-08     5s
  18   4.42860000e+04  4.42860000e+04  3.49e-09 5.46e-12  3.95e-11     5s

Barrier solved model in 18 iterations and 5.50 seconds (5.24 work units)
Optimal objective 4.42860000e+04


Root crossover log...

     669 DPushes remaining with DInf 0.0000000e+00                 6s
       0 DPushes remaining with DInf 0.0000000e+00                 6s

   13111 PPushes remaining with PInf 0.0000000e+00                 6s
       0 PPushes remaining with PInf 0.0000000e+00                 6s

  Push phase complete: Pinf 0.0000000e+00, Dinf 0.0000000e+00      6s


Root simplex log...

Iteration    Objective       Primal Inf.    Dual Inf.      Time
   13723    4.4286000e+04   0.000000e+00   0.000000e+00      6s
Concurrent spin time: 0.00s

Solved with barrier

Root relaxation: objective 4.428600e+04, 13723 iterations, 2.31 seconds (1.37 work units)

    Nodes    |    Current Node    |     Objective Bounds      |     Work
 Expl Unexpl |  Obj  Depth IntInf | Incumbent    BestBd   Gap | It/Node Time

*    0     0               0    44286.000000 44286.0000  0.00%     -    5s

Explored 1 nodes (13723 simplex iterations) in 6.38 seconds (5.30 work units)
Thread count was 8 (of 8 available processors)

Solution count 1: 44286 

Optimal solution found (tolerance 1.00e-04)
Best objective 4.428600000000e+04, best bound 4.428600000000e+04, gap 0.0000%

Gurobi 10.0.0 (win64, Java) logging started Sat Jan 14 13:15:59 2023

Set parameter Username
Academic license - for non-commercial use only - expires 2023-12-26
Gurobi Optimizer version 10.0.0 build v10.0.0rc2 (win64)

CPU model: Intel(R) Core(TM) i5-8265U CPU @ 1.60GHz, instruction set [SSE2|AVX|AVX2]
Thread count: 4 physical cores, 8 logical processors, using up to 8 threads

Optimize a model with 1704 rows, 325071 columns and 975213 nonzeros
Model fingerprint: 0x01ba22ea
Variable types: 0 continuous, 325071 integer (325071 binary)
Coefficient statistics:
  Matrix range     [1e+00, 1e+00]
  Objective range  [5e+01, 9e+03]
  Bounds range     [1e+00, 1e+00]
  RHS range        [1e+00, 8e+02]
Presolve removed 26 rows and 5540 columns
Presolve time: 2.64s
Presolved: 1678 rows, 319531 columns, 958589 nonzeros
Variable types: 0 continuous, 319531 integer (319530 binary)
Deterministic concurrent LP optimizer: primal simplex, dual simplex, and barrier
Showing barrier log only...

Root barrier log...

Ordering time: 0.00s

Barrier statistics:
 AA' NZ     : 3.212e+05
 Factor NZ  : 4.918e+05 (roughly 130 MB of memory)
 Factor Ops : 2.249e+08 (less than 1 second per iteration)
 Threads    : 2

                  Objective                Residual
Iter       Primal          Dual         Primal    Dual     Compl     Time
   0   4.37022967e+09 -7.65969098e+03  1.05e+06 0.00e+00  9.67e+03     4s
   1   9.13808449e+08 -8.43022735e+05  2.33e+05 7.11e+02  2.13e+03     4s
   2   6.27006642e+07 -1.23029740e+06  2.33e+04 7.94e-10  1.87e+02     5s
   3   6.11308581e+06 -8.78216734e+05  2.07e+03 2.73e-12  1.84e+01     5s
   4   2.14216204e+06 -3.99419297e+05  6.37e+02 3.64e-12  6.05e+00     5s
   5   1.13371142e+06 -2.53972906e+05  3.10e+02 1.82e-12  3.14e+00     5s
   6   6.54848532e+05 -1.23657643e+05  1.66e+02 1.82e-12  1.71e+00     5s
   7   3.75539937e+05 -6.30949950e+04  8.69e+01 2.73e-12  9.31e-01     5s
   8   1.54289266e+05 -3.80633074e+04  2.70e+01 1.82e-12  3.72e-01     5s
   9   9.07821043e+04 -1.76791500e+04  1.21e+01 1.82e-12  1.97e-01     5s
  10   7.21609807e+04 -1.10369543e+04  8.27e+00 3.64e-12  1.48e-01     5s
  11   6.48003819e+04  3.56197078e+03  6.85e+00 1.82e-12  1.08e-01     5s
  12   5.53025414e+04  6.79068652e+03  5.14e+00 1.82e-12  8.44e-02     5s
  13   3.99312577e+04  8.72529489e+03  2.52e+00 1.82e-12  5.29e-02     6s
  14   3.51380658e+04  1.54257307e+04  1.77e+00 1.82e-12  3.35e-02     6s

Barrier performed 14 iterations in 5.66 seconds (5.04 work units)
Barrier solve interrupted - model solved by another algorithm

Concurrent spin time: 0.06s

Solved with primal simplex

Root relaxation: objective 2.304200e+04, 70668 iterations, 1.98 seconds (1.19 work units)

    Nodes    |    Current Node    |     Objective Bounds      |     Work
 Expl Unexpl |  Obj  Depth IntInf | Incumbent    BestBd   Gap | It/Node Time

*    0     0               0    23042.000000 23042.0000  0.00%     -    5s

Explored 1 nodes (70668 simplex iterations) in 6.44 seconds (5.08 work units)
Thread count was 8 (of 8 available processors)

Solution count 1: 23042 

Optimal solution found (tolerance 1.00e-04)
Best objective 2.304200000000e+04, best bound 2.304200000000e+04, gap 0.0000%

Gurobi 10.0.0 (win64, Java) logging started Sat Jan 14 13:16:47 2023

Set parameter Username
Academic license - for non-commercial use only - expires 2023-12-26
Gurobi Optimizer version 10.0.0 build v10.0.0rc2 (win64)

CPU model: Intel(R) Core(TM) i5-8265U CPU @ 1.60GHz, instruction set [SSE2|AVX|AVX2]
Thread count: 4 physical cores, 8 logical processors, using up to 8 threads

Optimize a model with 1704 rows, 325071 columns and 975213 nonzeros
Model fingerprint: 0x1c188e37
Variable types: 0 continuous, 325071 integer (325071 binary)
Coefficient statistics:
  Matrix range     [1e+00, 1e+00]
  Objective range  [5e+01, 9e+03]
  Bounds range     [1e+00, 1e+00]
  RHS range        [1e+00, 8e+02]
Presolve removed 42 rows and 11162 columns
Presolve time: 2.35s
Presolved: 1662 rows, 313909 columns, 941725 nonzeros
Variable types: 0 continuous, 313909 integer (313909 binary)
Deterministic concurrent LP optimizer: primal simplex, dual simplex, and barrier
Showing barrier log only...

Root barrier log...

Ordering time: 0.00s

Barrier statistics:
 AA' NZ     : 3.156e+05
 Factor NZ  : 4.829e+05 (roughly 130 MB of memory)
 Factor Ops : 2.185e+08 (less than 1 second per iteration)
 Threads    : 2

                  Objective                Residual
Iter       Primal          Dual         Primal    Dual     Compl     Time
   0   5.58410547e+09  2.39400000e+03  2.70e+06 0.00e+00  1.26e+04     4s
   1   4.76708348e+08 -8.17783247e+05  3.30e+05 7.19e+02  1.34e+03     4s
   2   3.12711198e+07 -1.21324330e+06  2.73e+04 2.73e-12  1.06e+02     4s
   3   3.94217175e+06 -8.29086136e+05  3.13e+03 2.73e-12  1.35e+01     4s
   4   1.68498361e+06 -3.55636660e+05  1.19e+03 2.73e-12  5.33e+00     4s
   5   1.00609467e+06 -2.02376869e+05  6.62e+02 1.82e-12  3.05e+00     4s
   6   5.29428802e+05 -9.15802205e+04  3.17e+02 3.64e-12  1.53e+00     4s
   7   3.35820596e+05 -4.60783662e+04  1.83e+02 1.82e-12  9.12e-01     5s
   8   2.45702028e+05 -1.86752488e+04  1.23e+02 3.64e-12  6.17e-01     5s
   9   1.32559986e+05  1.38170024e+04  5.15e+01 3.64e-12  2.67e-01     5s
  10   9.02512875e+04  2.22982292e+04  2.55e+01 3.64e-12  1.46e-01     5s
  11   7.44972463e+04  2.83869299e+04  1.66e+01 1.82e-12  9.86e-02     5s
  12   6.69821631e+04  3.19950903e+04  1.23e+01 3.64e-12  7.42e-02     5s
  13   5.26863865e+04  3.63614926e+04  4.22e+00 1.82e-12  3.23e-02     5s
  14   4.72837508e+04  4.21051249e+04  1.44e+00 3.64e-12  1.04e-02     5s
  15   4.55753575e+04  4.39610434e+04  5.99e-01 3.64e-12  3.47e-03     5s
  16   4.43235925e+04  4.42851700e+04  1.39e-02 3.64e-12  8.21e-05     5s
  17   4.42860177e+04  4.42859999e+04  6.57e-06 3.64e-12  3.95e-08     5s
  18   4.42860000e+04  4.42860000e+04  3.49e-09 5.46e-12  3.95e-11     6s

Barrier solved model in 18 iterations and 5.50 seconds (5.24 work units)
Optimal objective 4.42860000e+04


Root crossover log...

     669 DPushes remaining with DInf 0.0000000e+00                 6s
       0 DPushes remaining with DInf 0.0000000e+00                 6s

   13111 PPushes remaining with PInf 0.0000000e+00                 6s
       0 PPushes remaining with PInf 0.0000000e+00                 6s

  Push phase complete: Pinf 0.0000000e+00, Dinf 0.0000000e+00      6s


Root simplex log...

Iteration    Objective       Primal Inf.    Dual Inf.      Time
   13723    4.4286000e+04   0.000000e+00   0.000000e+00      6s
Concurrent spin time: 0.00s

Solved with barrier

Root relaxation: objective 4.428600e+04, 13723 iterations, 2.34 seconds (1.37 work units)

    Nodes    |    Current Node    |     Objective Bounds      |     Work
 Expl Unexpl |  Obj  Depth IntInf | Incumbent    BestBd   Gap | It/Node Time

*    0     0               0    44286.000000 44286.0000  0.00%     -    5s

Explored 1 nodes (13723 simplex iterations) in 6.41 seconds (5.30 work units)
Thread count was 8 (of 8 available processors)

Solution count 1: 44286 

Optimal solution found (tolerance 1.00e-04)
Best objective 4.428600000000e+04, best bound 4.428600000000e+04, gap 0.0000%

Gurobi 10.0.0 (win64, Java) logging started Sat Jan 14 13:17:49 2023

Set parameter Username
Academic license - for non-commercial use only - expires 2023-12-26
Gurobi Optimizer version 10.0.0 build v10.0.0rc2 (win64)

CPU model: Intel(R) Core(TM) i5-8265U CPU @ 1.60GHz, instruction set [SSE2|AVX|AVX2]
Thread count: 4 physical cores, 8 logical processors, using up to 8 threads

Optimize a model with 1704 rows, 325071 columns and 975213 nonzeros
Model fingerprint: 0x1c188e37
Variable types: 0 continuous, 325071 integer (325071 binary)
Coefficient statistics:
  Matrix range     [1e+00, 1e+00]
  Objective range  [5e+01, 9e+03]
  Bounds range     [1e+00, 1e+00]
  RHS range        [1e+00, 8e+02]
Presolve removed 42 rows and 11162 columns
Presolve time: 2.50s
Presolved: 1662 rows, 313909 columns, 941725 nonzeros
Variable types: 0 continuous, 313909 integer (313909 binary)
Deterministic concurrent LP optimizer: primal simplex, dual simplex, and barrier
Showing barrier log only...

Root barrier log...

Ordering time: 0.00s

Barrier statistics:
 AA' NZ     : 3.156e+05
 Factor NZ  : 4.829e+05 (roughly 130 MB of memory)
 Factor Ops : 2.185e+08 (less than 1 second per iteration)
 Threads    : 2

                  Objective                Residual
Iter       Primal          Dual         Primal    Dual     Compl     Time
   0   5.58410547e+09  2.39400000e+03  2.70e+06 0.00e+00  1.26e+04     4s
   1   4.76708348e+08 -8.17783247e+05  3.30e+05 7.19e+02  1.34e+03     4s
   2   3.12711198e+07 -1.21324330e+06  2.73e+04 2.73e-12  1.06e+02     4s
   3   3.94217175e+06 -8.29086136e+05  3.13e+03 2.73e-12  1.35e+01     4s
   4   1.68498361e+06 -3.55636660e+05  1.19e+03 2.73e-12  5.33e+00     5s
   5   1.00609467e+06 -2.02376869e+05  6.62e+02 1.82e-12  3.05e+00     5s
   6   5.29428802e+05 -9.15802205e+04  3.17e+02 3.64e-12  1.53e+00     5s
   7   3.35820596e+05 -4.60783662e+04  1.83e+02 1.82e-12  9.12e-01     5s
   8   2.45702028e+05 -1.86752488e+04  1.23e+02 3.64e-12  6.17e-01     5s
   9   1.32559986e+05  1.38170024e+04  5.15e+01 3.64e-12  2.67e-01     5s
  10   9.02512875e+04  2.22982292e+04  2.55e+01 3.64e-12  1.46e-01     5s
  11   7.44972463e+04  2.83869299e+04  1.66e+01 1.82e-12  9.86e-02     5s
  12   6.69821631e+04  3.19950903e+04  1.23e+01 3.64e-12  7.42e-02     5s
  13   5.26863865e+04  3.63614926e+04  4.22e+00 1.82e-12  3.23e-02     5s
  14   4.72837508e+04  4.21051249e+04  1.44e+00 3.64e-12  1.04e-02     5s
  15   4.55753575e+04  4.39610434e+04  5.99e-01 3.64e-12  3.47e-03     5s
  16   4.43235925e+04  4.42851700e+04  1.39e-02 3.64e-12  8.21e-05     6s
  17   4.42860177e+04  4.42859999e+04  6.57e-06 3.64e-12  3.95e-08     6s
  18   4.42860000e+04  4.42860000e+04  3.49e-09 5.46e-12  3.95e-11     6s

Barrier solved model in 18 iterations and 5.78 seconds (5.24 work units)
Optimal objective 4.42860000e+04


Root crossover log...

     669 DPushes remaining with DInf 0.0000000e+00                 6s
       0 DPushes remaining with DInf 0.0000000e+00                 6s

   13111 PPushes remaining with PInf 0.0000000e+00                 6s
       0 PPushes remaining with PInf 0.0000000e+00                 6s

  Push phase complete: Pinf 0.0000000e+00, Dinf 0.0000000e+00      6s


Root simplex log...

Iteration    Objective       Primal Inf.    Dual Inf.      Time
   13723    4.4286000e+04   0.000000e+00   0.000000e+00      6s
Concurrent spin time: 0.00s

Solved with barrier

Root relaxation: objective 4.428600e+04, 13723 iterations, 2.46 seconds (1.37 work units)

    Nodes    |    Current Node    |     Objective Bounds      |     Work
 Expl Unexpl |  Obj  Depth IntInf | Incumbent    BestBd   Gap | It/Node Time

*    0     0               0    44286.000000 44286.0000  0.00%     -    6s

Explored 1 nodes (13723 simplex iterations) in 6.75 seconds (5.30 work units)
Thread count was 8 (of 8 available processors)

Solution count 1: 44286 

Optimal solution found (tolerance 1.00e-04)
Best objective 4.428600000000e+04, best bound 4.428600000000e+04, gap 0.0000%

Gurobi 10.0.0 (win64, Java) logging started Sat Jan 14 13:18:58 2023

Set parameter Username
Academic license - for non-commercial use only - expires 2023-12-26
Gurobi Optimizer version 10.0.0 build v10.0.0rc2 (win64)

CPU model: Intel(R) Core(TM) i5-8265U CPU @ 1.60GHz, instruction set [SSE2|AVX|AVX2]
Thread count: 4 physical cores, 8 logical processors, using up to 8 threads

Optimize a model with 1704 rows, 325071 columns and 975213 nonzeros
Model fingerprint: 0x79a7fc44
Variable types: 0 continuous, 325071 integer (325071 binary)
Coefficient statistics:
  Matrix range     [1e+00, 1e+00]
  Objective range  [5e+01, 9e+03]
  Bounds range     [1e+00, 1e+00]
  RHS range        [1e+00, 8e+02]
Presolve removed 42 rows and 11162 columns
Presolve time: 2.36s
Presolved: 1662 rows, 313909 columns, 941725 nonzeros
Variable types: 0 continuous, 313909 integer (313909 binary)
Deterministic concurrent LP optimizer: primal simplex, dual simplex, and barrier
Showing barrier log only...

Root barrier log...

Ordering time: 0.00s

Barrier statistics:
 AA' NZ     : 3.156e+05
 Factor NZ  : 4.833e+05 (roughly 130 MB of memory)
 Factor Ops : 2.190e+08 (less than 1 second per iteration)
 Threads    : 2

                  Objective                Residual
Iter       Primal          Dual         Primal    Dual     Compl     Time
   0   5.58410547e+09  2.39400000e+03  2.70e+06 0.00e+00  1.26e+04     4s
   1   4.76708348e+08 -8.17783247e+05  3.30e+05 7.19e+02  1.34e+03     4s
   2   3.12711198e+07 -1.21324330e+06  2.73e+04 3.64e-12  1.06e+02     4s
   3   3.94217175e+06 -8.29086136e+05  3.13e+03 2.73e-12  1.35e+01     4s
   4   1.68498361e+06 -3.55636660e+05  1.19e+03 3.64e-12  5.33e+00     4s
   5   1.00609467e+06 -2.02376869e+05  6.62e+02 2.73e-12  3.05e+00     4s
   6   5.29428802e+05 -9.15802205e+04  3.17e+02 3.64e-12  1.53e+00     4s
   7   3.35820596e+05 -4.60783663e+04  1.83e+02 1.82e-12  9.12e-01     5s
   8   2.45702028e+05 -1.86752489e+04  1.23e+02 1.82e-12  6.17e-01     5s
   9   1.32559986e+05  1.38170024e+04  5.15e+01 1.82e-12  2.67e-01     5s
  10   9.02512875e+04  2.22982292e+04  2.55e+01 1.82e-12  1.46e-01     5s
  11   7.44972464e+04  2.83869299e+04  1.66e+01 1.82e-12  9.86e-02     5s
  12   6.69821631e+04  3.19950903e+04  1.23e+01 3.64e-12  7.42e-02     5s
  13   5.26863865e+04  3.63614926e+04  4.22e+00 3.64e-12  3.23e-02     5s
  14   4.72837508e+04  4.21051249e+04  1.44e+00 2.73e-12  1.04e-02     5s
  15   4.55753575e+04  4.39610434e+04  5.99e-01 3.64e-12  3.47e-03     5s
  16   4.43235925e+04  4.42851700e+04  1.39e-02 3.64e-12  8.21e-05     5s
  17   4.42860209e+04  4.42859998e+04  7.76e-06 3.64e-12  4.67e-08     5s
  18   4.42860000e+04  4.42860000e+04  3.13e-09 5.46e-12  4.67e-11     5s

Barrier solved model in 18 iterations and 5.48 seconds (5.23 work units)
Optimal objective 4.42860000e+04


Root crossover log...

     669 DPushes remaining with DInf 0.0000000e+00                 6s
       0 DPushes remaining with DInf 0.0000000e+00                 6s

   13111 PPushes remaining with PInf 0.0000000e+00                 6s
       0 PPushes remaining with PInf 0.0000000e+00                 6s

  Push phase complete: Pinf 0.0000000e+00, Dinf 0.0000000e+00      6s


Root simplex log...

Iteration    Objective       Primal Inf.    Dual Inf.      Time
   13725    4.4286000e+04   0.000000e+00   0.000000e+00      6s
Concurrent spin time: 0.03s

Solved with barrier

Root relaxation: objective 4.428600e+04, 13725 iterations, 2.27 seconds (1.37 work units)

    Nodes    |    Current Node    |     Objective Bounds      |     Work
 Expl Unexpl |  Obj  Depth IntInf | Incumbent    BestBd   Gap | It/Node Time

*    0     0               0    44286.000000 44286.0000  0.00%     -    5s

Explored 1 nodes (13725 simplex iterations) in 6.49 seconds (5.30 work units)
Thread count was 8 (of 8 available processors)

Solution count 1: 44286 

Optimal solution found (tolerance 1.00e-04)
Best objective 4.428600000000e+04, best bound 4.428600000000e+04, gap 0.0000%

Gurobi 10.0.0 (win64, Java) logging started Fri Feb  3 12:33:06 2023

Set parameter Username
Academic license - for non-commercial use only - expires 2023-12-26
Gurobi Optimizer version 10.0.0 build v10.0.0rc2 (win64)

CPU model: Intel(R) Core(TM) i5-8265U CPU @ 1.60GHz, instruction set [SSE2|AVX|AVX2]
Thread count: 4 physical cores, 8 logical processors, using up to 8 threads

Optimize a model with 1704 rows, 325071 columns and 975213 nonzeros
Model fingerprint: 0x2457517f
Variable types: 0 continuous, 325071 integer (325071 binary)
Coefficient statistics:
  Matrix range     [1e+00, 1e+00]
  Objective range  [1e+00, 1e+02]
  Bounds range     [1e+00, 1e+00]
  RHS range        [1e+00, 8e+02]
Presolve removed 42 rows and 11154 columns
Presolve time: 2.50s
Presolved: 1662 rows, 313917 columns, 941749 nonzeros
Variable types: 0 continuous, 313917 integer (313917 binary)
Deterministic concurrent LP optimizer: primal simplex, dual simplex, and barrier
Showing barrier log only...

Root barrier log...

Ordering time: 0.00s

Barrier statistics:
 AA' NZ     : 3.156e+05
 Factor NZ  : 4.846e+05 (roughly 130 MB of memory)
 Factor Ops : 2.196e+08 (less than 1 second per iteration)
 Threads    : 2

                  Objective                Residual
Iter       Primal          Dual         Primal    Dual     Compl     Time
   0   7.47616139e+07  3.00000000e+01  2.75e+06 0.00e+00  1.70e+02     4s
   1   6.80204528e+06 -1.11732246e+04  3.67e+05 9.62e+00  1.97e+01     4s
   2   5.23621990e+05 -1.66274554e+04  3.46e+04 4.26e-14  1.80e+00     4s
   3   5.47409587e+04 -1.17216175e+04  3.24e+03 4.26e-14  1.90e-01     4s
   4   2.05653954e+04 -5.14847906e+03  1.05e+03 2.84e-14  6.61e-02     5s
   5   1.05329255e+04 -2.61415993e+03  4.87e+02 2.84e-14  3.23e-02     5s
   6   6.16074791e+03 -1.41776743e+03  2.58e+02 2.84e-14  1.80e-02     5s
   7   4.16957007e+03 -8.27000375e+02  1.60e+02 2.84e-14  1.16e-02     5s
   8   2.40474471e+03 -4.81329824e+02  7.85e+01 2.84e-14  6.32e-03     5s
   9   1.64567522e+03 -1.50633656e+02  4.45e+01 2.84e-14  3.75e-03     5s
  10   1.12415318e+03  4.07776396e+01  2.39e+01 2.84e-14  2.19e-03     5s
  11   9.87826848e+02  1.32489623e+02  1.87e+01 2.84e-14  1.72e-03     5s
  12   7.98150459e+02  2.10012679e+02  1.17e+01 2.84e-14  1.15e-03     5s
  13   7.69312560e+02  3.00221140e+02  1.07e+01 2.84e-14  9.43e-04     5s
  14   6.99953863e+02  3.44833916e+02  8.33e+00 2.84e-14  7.16e-04     5s
  15   5.45449147e+02  3.89311798e+02  3.38e+00 2.84e-14  3.09e-04     6s
  16   4.56703382e+02  4.23217391e+02  4.20e-01 4.26e-14  6.07e-05     6s
  17   4.41723874e+02  4.39142827e+02  3.52e-02 4.26e-14  4.74e-06     6s
  18   4.40184704e+02  4.39946480e+02  2.70e-03 5.68e-14  4.28e-07     6s
  19   4.40000488e+02  4.39999617e+02  4.11e-06 4.26e-14  1.48e-09     6s
  20   4.40000010e+02  4.39999997e+02  8.06e-08 5.68e-14  2.16e-11     6s
  21   4.40000000e+02  4.40000000e+02  5.14e-09 5.68e-14  8.79e-13     6s

Barrier solved model in 21 iterations and 6.13 seconds (5.42 work units)
Optimal objective 4.40000000e+02

Concurrent spin time: 0.18s

Solved with primal simplex

Root relaxation: objective 4.400000e+02, 116707 iterations, 2.78 seconds (1.46 work units)

    Nodes    |    Current Node    |     Objective Bounds      |     Work
 Expl Unexpl |  Obj  Depth IntInf | Incumbent    BestBd   Gap | It/Node Time

*    0     0               0     440.0000000  440.00000  0.00%     -    6s

Explored 1 nodes (116707 simplex iterations) in 7.21 seconds (5.39 work units)
Thread count was 8 (of 8 available processors)

Solution count 1: 440 

Optimal solution found (tolerance 1.00e-04)
Best objective 4.400000000000e+02, best bound 4.400000000000e+02, gap 0.0000%

Gurobi 10.0.0 (win64, Java) logging started Fri Feb  3 12:35:30 2023

Set parameter Username
Academic license - for non-commercial use only - expires 2023-12-26
Gurobi Optimizer version 10.0.0 build v10.0.0rc2 (win64)

CPU model: Intel(R) Core(TM) i5-8265U CPU @ 1.60GHz, instruction set [SSE2|AVX|AVX2]
Thread count: 4 physical cores, 8 logical processors, using up to 8 threads

Optimize a model with 1704 rows, 325071 columns and 975213 nonzeros
Model fingerprint: 0x2457517f
Variable types: 0 continuous, 325071 integer (325071 binary)
Coefficient statistics:
  Matrix range     [1e+00, 1e+00]
  Objective range  [1e+00, 1e+02]
  Bounds range     [1e+00, 1e+00]
  RHS range        [1e+00, 8e+02]
Presolve removed 42 rows and 11154 columns
Presolve time: 2.54s
Presolved: 1662 rows, 313917 columns, 941749 nonzeros
Variable types: 0 continuous, 313917 integer (313917 binary)
Deterministic concurrent LP optimizer: primal simplex, dual simplex, and barrier
Showing barrier log only...

Root barrier log...

Ordering time: 0.00s

Barrier statistics:
 AA' NZ     : 3.156e+05
 Factor NZ  : 4.846e+05 (roughly 130 MB of memory)
 Factor Ops : 2.196e+08 (less than 1 second per iteration)
 Threads    : 2

                  Objective                Residual
Iter       Primal          Dual         Primal    Dual     Compl     Time
   0   7.47616139e+07  3.00000000e+01  2.75e+06 0.00e+00  1.70e+02     4s
   1   6.80204528e+06 -1.11732246e+04  3.67e+05 9.62e+00  1.97e+01     4s
   2   5.23621990e+05 -1.66274554e+04  3.46e+04 4.26e-14  1.80e+00     4s
   3   5.47409587e+04 -1.17216175e+04  3.24e+03 4.26e-14  1.90e-01     4s
   4   2.05653954e+04 -5.14847906e+03  1.05e+03 2.84e-14  6.61e-02     5s
   5   1.05329255e+04 -2.61415993e+03  4.87e+02 2.84e-14  3.23e-02     5s
   6   6.16074791e+03 -1.41776743e+03  2.58e+02 2.84e-14  1.80e-02     5s
   7   4.16957007e+03 -8.27000375e+02  1.60e+02 2.84e-14  1.16e-02     5s
   8   2.40474471e+03 -4.81329824e+02  7.85e+01 2.84e-14  6.32e-03     5s
   9   1.64567522e+03 -1.50633656e+02  4.45e+01 2.84e-14  3.75e-03     5s
  10   1.12415318e+03  4.07776396e+01  2.39e+01 2.84e-14  2.19e-03     5s
  11   9.87826848e+02  1.32489623e+02  1.87e+01 2.84e-14  1.72e-03     5s
  12   7.98150459e+02  2.10012679e+02  1.17e+01 2.84e-14  1.15e-03     5s
  13   7.69312560e+02  3.00221140e+02  1.07e+01 2.84e-14  9.43e-04     5s
  14   6.99953863e+02  3.44833916e+02  8.33e+00 2.84e-14  7.16e-04     5s
  15   5.45449147e+02  3.89311798e+02  3.38e+00 2.84e-14  3.09e-04     6s
  16   4.56703382e+02  4.23217391e+02  4.20e-01 4.26e-14  6.07e-05     6s
  17   4.41723874e+02  4.39142827e+02  3.52e-02 4.26e-14  4.74e-06     6s
  18   4.40184704e+02  4.39946480e+02  2.70e-03 5.68e-14  4.28e-07     6s
  19   4.40000488e+02  4.39999617e+02  4.11e-06 4.26e-14  1.48e-09     6s
  20   4.40000010e+02  4.39999997e+02  8.06e-08 5.68e-14  2.16e-11     6s
  21   4.40000000e+02  4.40000000e+02  5.14e-09 5.68e-14  8.79e-13     6s

Barrier solved model in 21 iterations and 6.16 seconds (5.42 work units)
Optimal objective 4.40000000e+02

Concurrent spin time: 0.19s

Solved with primal simplex

Root relaxation: objective 4.400000e+02, 116707 iterations, 2.78 seconds (1.46 work units)

    Nodes    |    Current Node    |     Objective Bounds      |     Work
 Expl Unexpl |  Obj  Depth IntInf | Incumbent    BestBd   Gap | It/Node Time

*    0     0               0     440.0000000  440.00000  0.00%     -    6s

Explored 1 nodes (116707 simplex iterations) in 7.26 seconds (5.39 work units)
Thread count was 8 (of 8 available processors)

Solution count 1: 440 

Optimal solution found (tolerance 1.00e-04)
Best objective 4.400000000000e+02, best bound 4.400000000000e+02, gap 0.0000%

Gurobi 10.0.0 (win64, Java) logging started Sat Apr  1 17:18:00 2023

Set parameter Username
Academic license - for non-commercial use only - expires 2023-12-26
Gurobi Optimizer version 10.0.0 build v10.0.0rc2 (win64)

CPU model: Intel(R) Core(TM) i5-8265U CPU @ 1.60GHz, instruction set [SSE2|AVX|AVX2]
Thread count: 4 physical cores, 8 logical processors, using up to 8 threads

Optimize a model with 121 rows, 1625 columns and 4875 nonzeros
Model fingerprint: 0xb0e1c2b7
Variable types: 0 continuous, 1625 integer (1625 binary)
Coefficient statistics:
  Matrix range     [1e+00, 1e+00]
  Objective range  [1e+00, 6e+01]
  Bounds range     [1e+00, 1e+00]
  RHS range        [1e+00, 5e+01]
Presolve removed 20 rows and 332 columns
Presolve time: 0.01s
Presolved: 101 rows, 1293 columns, 3876 nonzeros
Variable types: 0 continuous, 1293 integer (1292 binary)

Root relaxation: objective 6.700000e+01, 158 iterations, 0.00 seconds (0.00 work units)

    Nodes    |    Current Node    |     Objective Bounds      |     Work
 Expl Unexpl |  Obj  Depth IntInf | Incumbent    BestBd   Gap | It/Node Time

*    0     0               0      67.0000000   67.00000  0.00%     -    0s

Explored 1 nodes (158 simplex iterations) in 0.03 seconds (0.02 work units)
Thread count was 8 (of 8 available processors)

Solution count 1: 67 

Optimal solution found (tolerance 1.00e-04)
Best objective 6.700000000000e+01, best bound 6.700000000000e+01, gap 0.0000%

Gurobi 10.0.0 (win64, Java) logging started Sun Apr  2 10:15:32 2023

Set parameter Username
Academic license - for non-commercial use only - expires 2023-12-26
Gurobi Optimizer version 10.0.0 build v10.0.0rc2 (win64)

CPU model: Intel(R) Core(TM) i5-8265U CPU @ 1.60GHz, instruction set [SSE2|AVX|AVX2]
Thread count: 4 physical cores, 8 logical processors, using up to 8 threads

Optimize a model with 121 rows, 1625 columns and 4875 nonzeros
Model fingerprint: 0x52930a17
Variable types: 0 continuous, 1625 integer (1625 binary)
Coefficient statistics:
  Matrix range     [1e+00, 1e+00]
  Objective range  [1e+00, 6e+01]
  Bounds range     [1e+00, 1e+00]
  RHS range        [1e+00, 6e+01]
Presolve removed 3 rows and 133 columns
Presolve time: 0.00s

Explored 0 nodes (0 simplex iterations) in 0.00 seconds (0.00 work units)
Thread count was 1 (of 8 available processors)

Solution count 0

Model is infeasible
Best objective -, best bound -, gap -

Gurobi 10.0.0 (win64, Java) logging started Sun Apr  2 10:15:35 2023

Set parameter Username
Academic license - for non-commercial use only - expires 2023-12-26
Gurobi Optimizer version 10.0.0 build v10.0.0rc2 (win64)

CPU model: Intel(R) Core(TM) i5-8265U CPU @ 1.60GHz, instruction set [SSE2|AVX|AVX2]
Thread count: 4 physical cores, 8 logical processors, using up to 8 threads

Optimize a model with 121 rows, 1625 columns and 4875 nonzeros
Model fingerprint: 0x8b8bfe32
Variable types: 0 continuous, 1625 integer (1625 binary)
Coefficient statistics:
  Matrix range     [1e+00, 1e+00]
  Objective range  [1e+00, 6e+01]
  Bounds range     [1e+00, 1e+00]
  RHS range        [1e+00, 5e+01]
Presolve removed 20 rows and 332 columns
Presolve time: 0.01s
Presolved: 101 rows, 1293 columns, 3876 nonzeros
Variable types: 0 continuous, 1293 integer (1292 binary)

Root relaxation: objective 1.900000e+01, 163 iterations, 0.00 seconds (0.00 work units)

    Nodes    |    Current Node    |     Objective Bounds      |     Work
 Expl Unexpl |  Obj  Depth IntInf | Incumbent    BestBd   Gap | It/Node Time

*    0     0               0      19.0000000   19.00000  0.00%     -    0s

Explored 1 nodes (163 simplex iterations) in 0.03 seconds (0.02 work units)
Thread count was 8 (of 8 available processors)

Solution count 1: 19 

Optimal solution found (tolerance 1.00e-04)
Best objective 1.900000000000e+01, best bound 1.900000000000e+01, gap 0.0000%

Gurobi 10.0.0 (win64, Java) logging started Sun Apr  2 11:44:22 2023

Set parameter Username
Academic license - for non-commercial use only - expires 2023-12-26
Gurobi Optimizer version 10.0.0 build v10.0.0rc2 (win64)

CPU model: Intel(R) Core(TM) i5-8265U CPU @ 1.60GHz, instruction set [SSE2|AVX|AVX2]
Thread count: 4 physical cores, 8 logical processors, using up to 8 threads

Optimize a model with 121 rows, 1625 columns and 4875 nonzeros
Model fingerprint: 0xaeed5617
Variable types: 0 continuous, 1625 integer (1625 binary)
Coefficient statistics:
  Matrix range     [1e+00, 1e+00]
  Objective range  [1e+00, 6e+01]
  Bounds range     [1e+00, 1e+00]
  RHS range        [1e+00, 5e+01]
Presolve removed 20 rows and 332 columns
Presolve time: 0.01s
Presolved: 101 rows, 1293 columns, 3876 nonzeros
Variable types: 0 continuous, 1293 integer (1292 binary)

Root relaxation: objective 6.700000e+01, 162 iterations, 0.00 seconds (0.00 work units)

    Nodes    |    Current Node    |     Objective Bounds      |     Work
 Expl Unexpl |  Obj  Depth IntInf | Incumbent    BestBd   Gap | It/Node Time

*    0     0               0      67.0000000   67.00000  0.00%     -    0s

Explored 1 nodes (162 simplex iterations) in 0.03 seconds (0.02 work units)
Thread count was 8 (of 8 available processors)

Solution count 1: 67 

Optimal solution found (tolerance 1.00e-04)
Best objective 6.700000000000e+01, best bound 6.700000000000e+01, gap 0.0000%

Gurobi 10.0.0 (win64, Java) logging started Sun Apr  2 11:45:29 2023

Set parameter Username
Academic license - for non-commercial use only - expires 2023-12-26
Gurobi Optimizer version 10.0.0 build v10.0.0rc2 (win64)

CPU model: Intel(R) Core(TM) i5-8265U CPU @ 1.60GHz, instruction set [SSE2|AVX|AVX2]
Thread count: 4 physical cores, 8 logical processors, using up to 8 threads

Optimize a model with 121 rows, 1625 columns and 4875 nonzeros
Model fingerprint: 0x4fd79a77
Variable types: 0 continuous, 1625 integer (1625 binary)
Coefficient statistics:
  Matrix range     [1e+00, 1e+00]
  Objective range  [1e+00, 6e+01]
  Bounds range     [1e+00, 1e+00]
  RHS range        [1e+00, 5e+01]
Presolve removed 20 rows and 332 columns
Presolve time: 0.01s
Presolved: 101 rows, 1293 columns, 3876 nonzeros
Variable types: 0 continuous, 1293 integer (1292 binary)

Root relaxation: objective 6.700000e+01, 200 iterations, 0.00 seconds (0.00 work units)

    Nodes    |    Current Node    |     Objective Bounds      |     Work
 Expl Unexpl |  Obj  Depth IntInf | Incumbent    BestBd   Gap | It/Node Time

*    0     0               0      67.0000000   67.00000  0.00%     -    0s

Explored 1 nodes (200 simplex iterations) in 0.02 seconds (0.02 work units)
Thread count was 8 (of 8 available processors)

Solution count 1: 67 

Optimal solution found (tolerance 1.00e-04)
Best objective 6.700000000000e+01, best bound 6.700000000000e+01, gap 0.0000%

Gurobi 10.0.0 (win64, Java) logging started Sun Apr  2 11:46:58 2023

Set parameter Username
Academic license - for non-commercial use only - expires 2023-12-26
Gurobi Optimizer version 10.0.0 build v10.0.0rc2 (win64)

CPU model: Intel(R) Core(TM) i5-8265U CPU @ 1.60GHz, instruction set [SSE2|AVX|AVX2]
Thread count: 4 physical cores, 8 logical processors, using up to 8 threads

Optimize a model with 121 rows, 1625 columns and 4875 nonzeros
Model fingerprint: 0x4fd79a77
Variable types: 0 continuous, 1625 integer (1625 binary)
Coefficient statistics:
  Matrix range     [1e+00, 1e+00]
  Objective range  [1e+00, 6e+01]
  Bounds range     [1e+00, 1e+00]
  RHS range        [1e+00, 5e+01]
Presolve removed 20 rows and 332 columns
Presolve time: 0.01s
Presolved: 101 rows, 1293 columns, 3876 nonzeros
Variable types: 0 continuous, 1293 integer (1292 binary)

Root relaxation: objective 6.700000e+01, 200 iterations, 0.00 seconds (0.00 work units)

    Nodes    |    Current Node    |     Objective Bounds      |     Work
 Expl Unexpl |  Obj  Depth IntInf | Incumbent    BestBd   Gap | It/Node Time

*    0     0               0      67.0000000   67.00000  0.00%     -    0s

Explored 1 nodes (200 simplex iterations) in 0.02 seconds (0.02 work units)
Thread count was 8 (of 8 available processors)

Solution count 1: 67 

Optimal solution found (tolerance 1.00e-04)
Best objective 6.700000000000e+01, best bound 6.700000000000e+01, gap 0.0000%

Gurobi 10.0.0 (win64, Java) logging started Sun Apr  2 11:48:16 2023

Set parameter Username
Academic license - for non-commercial use only - expires 2023-12-26
Gurobi Optimizer version 10.0.0 build v10.0.0rc2 (win64)

CPU model: Intel(R) Core(TM) i5-8265U CPU @ 1.60GHz, instruction set [SSE2|AVX|AVX2]
Thread count: 4 physical cores, 8 logical processors, using up to 8 threads

Optimize a model with 121 rows, 1625 columns and 4875 nonzeros
Model fingerprint: 0xaeed5617
Variable types: 0 continuous, 1625 integer (1625 binary)
Coefficient statistics:
  Matrix range     [1e+00, 1e+00]
  Objective range  [1e+00, 6e+01]
  Bounds range     [1e+00, 1e+00]
  RHS range        [1e+00, 5e+01]
Presolve removed 20 rows and 332 columns
Presolve time: 0.01s
Presolved: 101 rows, 1293 columns, 3876 nonzeros
Variable types: 0 continuous, 1293 integer (1292 binary)

Root relaxation: objective 6.700000e+01, 162 iterations, 0.00 seconds (0.00 work units)

    Nodes    |    Current Node    |     Objective Bounds      |     Work
 Expl Unexpl |  Obj  Depth IntInf | Incumbent    BestBd   Gap | It/Node Time

*    0     0               0      67.0000000   67.00000  0.00%     -    0s

Explored 1 nodes (162 simplex iterations) in 0.02 seconds (0.02 work units)
Thread count was 8 (of 8 available processors)

Solution count 1: 67 

Optimal solution found (tolerance 1.00e-04)
Best objective 6.700000000000e+01, best bound 6.700000000000e+01, gap 0.0000%

Gurobi 10.0.0 (win64, Java) logging started Sun Apr  2 12:31:06 2023

Set parameter Username
Academic license - for non-commercial use only - expires 2023-12-26
Gurobi Optimizer version 10.0.0 build v10.0.0rc2 (win64)

CPU model: Intel(R) Core(TM) i5-8265U CPU @ 1.60GHz, instruction set [SSE2|AVX|AVX2]
Thread count: 4 physical cores, 8 logical processors, using up to 8 threads

Optimize a model with 121 rows, 1625 columns and 4875 nonzeros
Model fingerprint: 0xb39d9b5e
Variable types: 0 continuous, 1625 integer (1625 binary)
Coefficient statistics:
  Matrix range     [1e+00, 1e+00]
  Objective range  [1e+00, 6e+01]
  Bounds range     [1e+00, 1e+00]
  RHS range        [1e+00, 5e+01]
Presolve removed 3 rows and 133 columns
Presolve time: 0.00s

Explored 0 nodes (0 simplex iterations) in 0.00 seconds (0.00 work units)
Thread count was 1 (of 8 available processors)

Solution count 0

Model is infeasible
Best objective -, best bound -, gap -

Gurobi 10.0.0 (win64, Java) logging started Sun Apr  2 12:32:28 2023

Set parameter Username
Academic license - for non-commercial use only - expires 2023-12-26
Gurobi Optimizer version 10.0.0 build v10.0.0rc2 (win64)

CPU model: Intel(R) Core(TM) i5-8265U CPU @ 1.60GHz, instruction set [SSE2|AVX|AVX2]
Thread count: 4 physical cores, 8 logical processors, using up to 8 threads

Optimize a model with 121 rows, 1625 columns and 4875 nonzeros
Model fingerprint: 0xefd2a230
Variable types: 0 continuous, 1625 integer (1625 binary)
Coefficient statistics:
  Matrix range     [1e+00, 1e+00]
  Objective range  [1e+00, 6e+01]
  Bounds range     [1e+00, 1e+00]
  RHS range        [1e+00, 6e+01]
Presolve removed 3 rows and 133 columns
Presolve time: 0.00s

Explored 0 nodes (0 simplex iterations) in 0.00 seconds (0.00 work units)
Thread count was 1 (of 8 available processors)

Solution count 0

Model is infeasible
Best objective -, best bound -, gap -

Gurobi 10.0.0 (win64, Java) logging started Sun Apr  2 12:32:37 2023

Set parameter Username
Academic license - for non-commercial use only - expires 2023-12-26
Gurobi Optimizer version 10.0.0 build v10.0.0rc2 (win64)

CPU model: Intel(R) Core(TM) i5-8265U CPU @ 1.60GHz, instruction set [SSE2|AVX|AVX2]
Thread count: 4 physical cores, 8 logical processors, using up to 8 threads

Optimize a model with 121 rows, 1625 columns and 4875 nonzeros
Model fingerprint: 0x4fd79a77
Variable types: 0 continuous, 1625 integer (1625 binary)
Coefficient statistics:
  Matrix range     [1e+00, 1e+00]
  Objective range  [1e+00, 6e+01]
  Bounds range     [1e+00, 1e+00]
  RHS range        [1e+00, 5e+01]
Presolve removed 20 rows and 332 columns
Presolve time: 0.02s
Presolved: 101 rows, 1293 columns, 3876 nonzeros
Variable types: 0 continuous, 1293 integer (1292 binary)

Root relaxation: objective 6.700000e+01, 200 iterations, 0.00 seconds (0.00 work units)

    Nodes    |    Current Node    |     Objective Bounds      |     Work
 Expl Unexpl |  Obj  Depth IntInf | Incumbent    BestBd   Gap | It/Node Time

*    0     0               0      67.0000000   67.00000  0.00%     -    0s

Explored 1 nodes (200 simplex iterations) in 0.04 seconds (0.02 work units)
Thread count was 8 (of 8 available processors)

Solution count 1: 67 

Optimal solution found (tolerance 1.00e-04)
Best objective 6.700000000000e+01, best bound 6.700000000000e+01, gap 0.0000%

Gurobi 10.0.0 (win64, Java) logging started Fri Apr  7 10:08:20 2023

Set parameter Username
Academic license - for non-commercial use only - expires 2023-12-26
Gurobi Optimizer version 10.0.0 build v10.0.0rc2 (win64)

CPU model: Intel(R) Core(TM) i5-8265U CPU @ 1.60GHz, instruction set [SSE2|AVX|AVX2]
Thread count: 4 physical cores, 8 logical processors, using up to 8 threads

Optimize a model with 121 rows, 1625 columns and 4875 nonzeros
Model fingerprint: 0x71c2c1bc
Variable types: 0 continuous, 1625 integer (1625 binary)
Coefficient statistics:
  Matrix range     [1e+00, 1e+00]
  Objective range  [1e+00, 6e+01]
  Bounds range     [1e+00, 1e+00]
  RHS range        [1e+00, 5e+01]
Presolve removed 20 rows and 333 columns
Presolve time: 0.00s
Presolved: 101 rows, 1292 columns, 3875 nonzeros
Variable types: 0 continuous, 1292 integer (1292 binary)

Root relaxation: objective 6.700000e+01, 216 iterations, 0.00 seconds (0.00 work units)

    Nodes    |    Current Node    |     Objective Bounds      |     Work
 Expl Unexpl |  Obj  Depth IntInf | Incumbent    BestBd   Gap | It/Node Time

*    0     0               0      67.0000000   67.00000  0.00%     -    0s

Explored 1 nodes (216 simplex iterations) in 0.02 seconds (0.02 work units)
Thread count was 8 (of 8 available processors)

Solution count 1: 67 

Optimal solution found (tolerance 1.00e-04)
Best objective 6.700000000000e+01, best bound 6.700000000000e+01, gap 0.0000%
