
Gurobi 10.0.0 (win64, Java) logging started Sun Feb 19 10:22:16 2023

Set parameter Username
Academic license - for non-commercial use only - expires 2023-12-26

Gurobi 10.0.0 (win64, Java) logging started Sun Feb 19 10:23:00 2023

Set parameter Username
Academic license - for non-commercial use only - expires 2023-12-26
Gurobi Optimizer version 10.0.0 build v10.0.0rc2 (win64)

CPU model: Intel(R) Core(TM) i5-8265U CPU @ 1.60GHz, instruction set [SSE2|AVX|AVX2]
Thread count: 4 physical cores, 8 logical processors, using up to 8 threads

Optimize a model with 1767 rows, 623687 columns and 1867529 nonzeros
Model fingerprint: 0xd2b66146
Variable types: 0 continuous, 623687 integer (623687 binary)
Coefficient statistics:
  Matrix range     [1e+00, 1e+00]
  Objective range  [2e+00, 3e+02]
  Bounds range     [1e+00, 1e+00]
  RHS range        [1e+00, 8e+02]
Presolve removed 77 rows and 297005 columns
Presolve time: 2.95s
Presolved: 1690 rows, 326682 columns, 819379 nonzeros
Variable types: 0 continuous, 326682 integer (326682 binary)
Deterministic concurrent LP optimizer: primal simplex, dual simplex, and barrier
Showing barrier log only...

Root barrier log...

Ordering time: 0.00s

Barrier statistics:
 AA' NZ     : 3.267e+05
 Factor NZ  : 5.028e+05 (roughly 140 MB of memory)
 Factor Ops : 2.346e+08 (less than 1 second per iteration)
 Threads    : 2

                  Objective                Residual
Iter       Primal          Dual         Primal    Dual     Compl     Time
   0   1.07488143e+07  5.10100000e+04  1.13e+06 1.48e+02  5.74e+02     5s
   1   1.73237796e+04 -4.68068509e+04  6.17e+04 1.09e+02  3.17e+01     5s
   2  -3.89832272e+04 -8.43293975e+04  6.95e+03 1.14e-13  3.69e+00     5s
   3   3.16930838e+04 -5.42762293e+04  9.03e+02 1.14e-13  5.89e-01     5s
   4   3.41499474e+04 -1.70591760e+04  3.17e+02 1.14e-13  2.37e-01     5s
   5   3.20604796e+04 -1.19092084e+03  1.35e+02 1.14e-13  1.18e-01     5s
   6   2.87954381e+04  6.12947871e+03  5.46e+01 1.14e-13  5.97e-02     6s
   7   2.57641920e+04  1.01631580e+04  2.58e+01 1.71e-13  3.47e-02     6s
   8   2.24635747e+04  1.47329536e+04  5.97e+00 1.14e-13  1.40e-02     6s
   9   2.15185197e+04  1.65309795e+04  3.28e+00 1.14e-13  8.81e-03     6s
  10   2.06570504e+04  1.79134963e+04  1.24e+00 1.14e-13  4.63e-03     6s
  11   2.02467441e+04  1.86781980e+04  4.58e-01 1.14e-13  2.57e-03     6s
  12   2.00559372e+04  1.91615366e+04  2.26e-01 1.14e-13  1.45e-03     6s
  13   1.99853775e+04  1.93291946e+04  1.55e-01 1.71e-13  1.06e-03     6s
  14   1.98914343e+04  1.95346443e+04  6.79e-02 1.14e-13  5.72e-04     6s
  15   1.98510091e+04  1.96621699e+04  3.52e-02 1.71e-13  3.03e-04     6s
  16   1.98031045e+04  1.97280788e+04  1.60e-03 1.71e-13  1.16e-04     6s
  17   1.97997032e+04  1.97857475e+04  4.71e-04 2.27e-13  2.16e-05     6s
  18   1.97980576e+04  1.97978510e+04  5.44e-06 3.41e-13  3.22e-07     7s
  19   1.97980001e+04  1.97979999e+04  6.58e-09 4.55e-13  3.22e-10     7s

Barrier solved model in 19 iterations and 6.71 seconds (8.62 work units)
Optimal objective 1.97980001e+04


Root crossover log...

     653 DPushes remaining with DInf 1.0048143e-06                 7s
       0 DPushes remaining with DInf 0.0000000e+00                 7s

   31166 PPushes remaining with PInf 0.0000000e+00                 7s
       0 PPushes remaining with PInf 0.0000000e+00                 7s

  Push phase complete: Pinf 0.0000000e+00, Dinf 0.0000000e+00      7s


Root simplex log...

Iteration    Objective       Primal Inf.    Dual Inf.      Time
   31820    1.9798000e+04   0.000000e+00   0.000000e+00      7s
Concurrent spin time: 0.09s

Solved with barrier

Root relaxation: objective 1.979800e+04, 31820 iterations, 2.64 seconds (1.47 work units)

    Nodes    |    Current Node    |     Objective Bounds      |     Work
 Expl Unexpl |  Obj  Depth IntInf | Incumbent    BestBd   Gap | It/Node Time

*    0     0               0    19798.000000 19798.0000  0.00%     -    7s

Explored 1 nodes (31820 simplex iterations) in 7.54 seconds (8.71 work units)
Thread count was 8 (of 8 available processors)

Solution count 1: 19798 

Optimal solution found (tolerance 1.00e-04)
Best objective 1.979800000000e+04, best bound 1.979800000000e+04, gap 0.0000%

Gurobi 10.0.0 (win64, Java) logging started Sun Feb 19 10:34:19 2023

Set parameter Username
Academic license - for non-commercial use only - expires 2023-12-26
Gurobi Optimizer version 10.0.0 build v10.0.0rc2 (win64)

CPU model: Intel(R) Core(TM) i5-8265U CPU @ 1.60GHz, instruction set [SSE2|AVX|AVX2]
Thread count: 4 physical cores, 8 logical processors, using up to 8 threads

Optimize a model with 1767 rows, 623687 columns and 1867529 nonzeros
Model fingerprint: 0xd2b66146
Variable types: 0 continuous, 623687 integer (623687 binary)
Coefficient statistics:
  Matrix range     [1e+00, 1e+00]
  Objective range  [2e+00, 3e+02]
  Bounds range     [1e+00, 1e+00]
  RHS range        [1e+00, 8e+02]
Presolve removed 77 rows and 297005 columns
Presolve time: 2.99s
Presolved: 1690 rows, 326682 columns, 819379 nonzeros
Variable types: 0 continuous, 326682 integer (326682 binary)
Deterministic concurrent LP optimizer: primal simplex, dual simplex, and barrier
Showing barrier log only...

Root barrier log...

Ordering time: 0.00s

Barrier statistics:
 AA' NZ     : 3.267e+05
 Factor NZ  : 5.028e+05 (roughly 140 MB of memory)
 Factor Ops : 2.346e+08 (less than 1 second per iteration)
 Threads    : 2

                  Objective                Residual
Iter       Primal          Dual         Primal    Dual     Compl     Time
   0   1.07488143e+07  5.10100000e+04  1.13e+06 1.48e+02  5.74e+02     5s
   1   1.73237796e+04 -4.68068509e+04  6.17e+04 1.09e+02  3.17e+01     5s
   2  -3.89832272e+04 -8.43293975e+04  6.95e+03 1.14e-13  3.69e+00     6s
   3   3.16930838e+04 -5.42762293e+04  9.03e+02 1.14e-13  5.89e-01     6s
   4   3.41499474e+04 -1.70591760e+04  3.17e+02 1.14e-13  2.37e-01     6s
   5   3.20604796e+04 -1.19092084e+03  1.35e+02 1.14e-13  1.18e-01     6s
   6   2.87954381e+04  6.12947871e+03  5.46e+01 1.14e-13  5.97e-02     6s
   7   2.57641920e+04  1.01631580e+04  2.58e+01 1.71e-13  3.47e-02     6s
   8   2.24635747e+04  1.47329536e+04  5.97e+00 1.14e-13  1.40e-02     6s
   9   2.15185197e+04  1.65309795e+04  3.28e+00 1.14e-13  8.81e-03     6s
  10   2.06570504e+04  1.79134963e+04  1.24e+00 1.14e-13  4.63e-03     6s
  11   2.02467441e+04  1.86781980e+04  4.58e-01 1.14e-13  2.57e-03     6s
  12   2.00559372e+04  1.91615366e+04  2.26e-01 1.14e-13  1.45e-03     7s
  13   1.99853775e+04  1.93291946e+04  1.55e-01 1.71e-13  1.06e-03     7s
  14   1.98914343e+04  1.95346443e+04  6.79e-02 1.14e-13  5.72e-04     7s
  15   1.98510091e+04  1.96621699e+04  3.52e-02 1.71e-13  3.03e-04     7s
  16   1.98031045e+04  1.97280788e+04  1.60e-03 1.71e-13  1.16e-04     7s
  17   1.97997032e+04  1.97857475e+04  4.71e-04 2.27e-13  2.16e-05     7s
  18   1.97980576e+04  1.97978510e+04  5.44e-06 3.41e-13  3.22e-07     7s
  19   1.97980001e+04  1.97979999e+04  6.58e-09 4.55e-13  3.22e-10     7s

Barrier solved model in 19 iterations and 7.29 seconds (8.62 work units)
Optimal objective 1.97980001e+04


Root crossover log...

     653 DPushes remaining with DInf 1.0048143e-06                 7s
       0 DPushes remaining with DInf 0.0000000e+00                 7s

   31166 PPushes remaining with PInf 0.0000000e+00                 7s
       0 PPushes remaining with PInf 0.0000000e+00                 8s

  Push phase complete: Pinf 0.0000000e+00, Dinf 0.0000000e+00      8s


Root simplex log...

Iteration    Objective       Primal Inf.    Dual Inf.      Time
   31820    1.9798000e+04   0.000000e+00   0.000000e+00      8s
Concurrent spin time: 0.08s

Solved with barrier

Root relaxation: objective 1.979800e+04, 31820 iterations, 2.90 seconds (1.47 work units)

    Nodes    |    Current Node    |     Objective Bounds      |     Work
 Expl Unexpl |  Obj  Depth IntInf | Incumbent    BestBd   Gap | It/Node Time

*    0     0               0    19798.000000 19798.0000  0.00%     -    7s

Explored 1 nodes (31820 simplex iterations) in 8.30 seconds (8.71 work units)
Thread count was 8 (of 8 available processors)

Solution count 1: 19798 

Optimal solution found (tolerance 1.00e-04)
Best objective 1.979800000000e+04, best bound 1.979800000000e+04, gap 0.0000%

Gurobi 10.0.0 (win64, Java) logging started Sun Feb 19 10:36:34 2023

Set parameter Username
Academic license - for non-commercial use only - expires 2023-12-26
Gurobi Optimizer version 10.0.0 build v10.0.0rc2 (win64)

CPU model: Intel(R) Core(TM) i5-8265U CPU @ 1.60GHz, instruction set [SSE2|AVX|AVX2]
Thread count: 4 physical cores, 8 logical processors, using up to 8 threads

Optimize a model with 1767 rows, 623687 columns and 1867529 nonzeros
Model fingerprint: 0xd2b66146
Variable types: 0 continuous, 623687 integer (623687 binary)
Coefficient statistics:
  Matrix range     [1e+00, 1e+00]
  Objective range  [2e+00, 3e+02]
  Bounds range     [1e+00, 1e+00]
  RHS range        [1e+00, 8e+02]
Presolve removed 77 rows and 297005 columns
Presolve time: 3.09s
Presolved: 1690 rows, 326682 columns, 819379 nonzeros
Variable types: 0 continuous, 326682 integer (326682 binary)
Deterministic concurrent LP optimizer: primal simplex, dual simplex, and barrier
Showing barrier log only...

Root barrier log...

Ordering time: 0.00s

Barrier statistics:
 AA' NZ     : 3.267e+05
 Factor NZ  : 5.028e+05 (roughly 140 MB of memory)
 Factor Ops : 2.346e+08 (less than 1 second per iteration)
 Threads    : 2

                  Objective                Residual
Iter       Primal          Dual         Primal    Dual     Compl     Time
   0   1.07488143e+07  5.10100000e+04  1.13e+06 1.48e+02  5.74e+02     5s
   1   1.73237796e+04 -4.68068509e+04  6.17e+04 1.09e+02  3.17e+01     6s
   2  -3.89832272e+04 -8.43293975e+04  6.95e+03 1.14e-13  3.69e+00     6s
   3   3.16930838e+04 -5.42762293e+04  9.03e+02 1.14e-13  5.89e-01     6s
   4   3.41499474e+04 -1.70591760e+04  3.17e+02 1.14e-13  2.37e-01     6s
   5   3.20604796e+04 -1.19092084e+03  1.35e+02 1.14e-13  1.18e-01     6s
   6   2.87954381e+04  6.12947871e+03  5.46e+01 1.14e-13  5.97e-02     6s
   7   2.57641920e+04  1.01631580e+04  2.58e+01 1.71e-13  3.47e-02     6s
   8   2.24635747e+04  1.47329536e+04  5.97e+00 1.14e-13  1.40e-02     6s
   9   2.15185197e+04  1.65309795e+04  3.28e+00 1.14e-13  8.81e-03     6s
  10   2.06570504e+04  1.79134963e+04  1.24e+00 1.14e-13  4.63e-03     6s
  11   2.02467441e+04  1.86781980e+04  4.58e-01 1.14e-13  2.57e-03     7s
  12   2.00559372e+04  1.91615366e+04  2.26e-01 1.14e-13  1.45e-03     7s
  13   1.99853775e+04  1.93291946e+04  1.55e-01 1.71e-13  1.06e-03     7s
  14   1.98914343e+04  1.95346443e+04  6.79e-02 1.14e-13  5.72e-04     7s
  15   1.98510091e+04  1.96621699e+04  3.52e-02 1.71e-13  3.03e-04     7s
  16   1.98031045e+04  1.97280788e+04  1.60e-03 1.71e-13  1.16e-04     7s
  17   1.97997032e+04  1.97857475e+04  4.71e-04 2.27e-13  2.16e-05     7s
  18   1.97980576e+04  1.97978510e+04  5.44e-06 3.41e-13  3.22e-07     7s
  19   1.97980001e+04  1.97979999e+04  6.58e-09 4.55e-13  3.22e-10     7s

Barrier solved model in 19 iterations and 7.38 seconds (8.62 work units)
Optimal objective 1.97980001e+04


Root crossover log...

     653 DPushes remaining with DInf 1.0048143e-06                 7s
       0 DPushes remaining with DInf 0.0000000e+00                 8s

   31166 PPushes remaining with PInf 0.0000000e+00                 8s
       0 PPushes remaining with PInf 0.0000000e+00                 8s

  Push phase complete: Pinf 0.0000000e+00, Dinf 0.0000000e+00      8s


Root simplex log...

Iteration    Objective       Primal Inf.    Dual Inf.      Time
   31820    1.9798000e+04   0.000000e+00   0.000000e+00      8s
Concurrent spin time: 0.04s

Solved with barrier

Root relaxation: objective 1.979800e+04, 31820 iterations, 2.95 seconds (1.47 work units)

    Nodes    |    Current Node    |     Objective Bounds      |     Work
 Expl Unexpl |  Obj  Depth IntInf | Incumbent    BestBd   Gap | It/Node Time

*    0     0               0    19798.000000 19798.0000  0.00%     -    7s

Explored 1 nodes (31820 simplex iterations) in 8.40 seconds (8.71 work units)
Thread count was 8 (of 8 available processors)

Solution count 1: 19798 

Optimal solution found (tolerance 1.00e-04)
Best objective 1.979800000000e+04, best bound 1.979800000000e+04, gap 0.0000%

Gurobi 10.0.0 (win64, Java) logging started Sun Mar  5 10:53:22 2023

Set parameter Username
Academic license - for non-commercial use only - expires 2023-12-26
Gurobi Optimizer version 10.0.0 build v10.0.0rc2 (win64)

CPU model: Intel(R) Core(TM) i5-8265U CPU @ 1.60GHz, instruction set [SSE2|AVX|AVX2]
Thread count: 4 physical cores, 8 logical processors, using up to 8 threads

Optimize a model with 1767 rows, 623687 columns and 1867529 nonzeros
Model fingerprint: 0xd2b66146
Variable types: 0 continuous, 623687 integer (623687 binary)
Coefficient statistics:
  Matrix range     [1e+00, 1e+00]
  Objective range  [2e+00, 3e+02]
  Bounds range     [1e+00, 1e+00]
  RHS range        [1e+00, 8e+02]
Presolve removed 77 rows and 297005 columns
Presolve time: 2.90s
Presolved: 1690 rows, 326682 columns, 819379 nonzeros
Variable types: 0 continuous, 326682 integer (326682 binary)
Deterministic concurrent LP optimizer: primal simplex, dual simplex, and barrier
Showing barrier log only...

Root barrier log...

Ordering time: 0.00s

Barrier statistics:
 AA' NZ     : 3.267e+05
 Factor NZ  : 5.028e+05 (roughly 140 MB of memory)
 Factor Ops : 2.346e+08 (less than 1 second per iteration)
 Threads    : 2

                  Objective                Residual
Iter       Primal          Dual         Primal    Dual     Compl     Time
   0   1.07488143e+07  5.10100000e+04  1.13e+06 1.48e+02  5.74e+02     5s
   1   1.73237796e+04 -4.68068509e+04  6.17e+04 1.09e+02  3.17e+01     5s
   2  -3.89832272e+04 -8.43293975e+04  6.95e+03 1.14e-13  3.69e+00     5s
   3   3.16930838e+04 -5.42762293e+04  9.03e+02 1.14e-13  5.89e-01     5s
   4   3.41499474e+04 -1.70591760e+04  3.17e+02 1.14e-13  2.37e-01     6s
   5   3.20604796e+04 -1.19092084e+03  1.35e+02 1.14e-13  1.18e-01     6s
   6   2.87954381e+04  6.12947871e+03  5.46e+01 1.14e-13  5.97e-02     6s
   7   2.57641920e+04  1.01631580e+04  2.58e+01 1.71e-13  3.47e-02     6s
   8   2.24635747e+04  1.47329536e+04  5.97e+00 1.14e-13  1.40e-02     6s
   9   2.15185197e+04  1.65309795e+04  3.28e+00 1.14e-13  8.81e-03     6s
  10   2.06570504e+04  1.79134963e+04  1.24e+00 1.14e-13  4.63e-03     6s
  11   2.02467441e+04  1.86781980e+04  4.58e-01 1.14e-13  2.57e-03     6s
  12   2.00559372e+04  1.91615366e+04  2.26e-01 1.14e-13  1.45e-03     6s
  13   1.99853775e+04  1.93291946e+04  1.55e-01 1.71e-13  1.06e-03     6s
  14   1.98914343e+04  1.95346443e+04  6.79e-02 1.14e-13  5.72e-04     6s
  15   1.98510091e+04  1.96621699e+04  3.52e-02 1.71e-13  3.03e-04     7s
  16   1.98031045e+04  1.97280788e+04  1.60e-03 1.71e-13  1.16e-04     7s
  17   1.97997032e+04  1.97857475e+04  4.71e-04 2.27e-13  2.16e-05     7s
  18   1.97980576e+04  1.97978510e+04  5.44e-06 3.41e-13  3.22e-07     7s
  19   1.97980001e+04  1.97979999e+04  6.58e-09 4.55e-13  3.22e-10     7s

Barrier solved model in 19 iterations and 6.96 seconds (8.62 work units)
Optimal objective 1.97980001e+04


Root crossover log...

     653 DPushes remaining with DInf 1.0048143e-06                 7s
       0 DPushes remaining with DInf 0.0000000e+00                 7s

   31166 PPushes remaining with PInf 0.0000000e+00                 7s
       0 PPushes remaining with PInf 0.0000000e+00                 7s

  Push phase complete: Pinf 0.0000000e+00, Dinf 0.0000000e+00      7s


Root simplex log...

Iteration    Objective       Primal Inf.    Dual Inf.      Time
   31820    1.9798000e+04   0.000000e+00   0.000000e+00      7s
Concurrent spin time: 0.13s

Solved with barrier

Root relaxation: objective 1.979800e+04, 31820 iterations, 2.63 seconds (1.47 work units)

    Nodes    |    Current Node    |     Objective Bounds      |     Work
 Expl Unexpl |  Obj  Depth IntInf | Incumbent    BestBd   Gap | It/Node Time

*    0     0               0    19798.000000 19798.0000  0.00%     -    7s

Explored 1 nodes (31820 simplex iterations) in 7.79 seconds (8.71 work units)
Thread count was 8 (of 8 available processors)

Solution count 1: 19798 

Optimal solution found (tolerance 1.00e-04)
Best objective 1.979800000000e+04, best bound 1.979800000000e+04, gap 0.0000%
