
Gurobi 10.0.0 (win64, Java) logging started Sat Jan  7 11:00:50 2023

Set parameter Username
Academic license - for non-commercial use only - expires 2023-12-26

Gurobi 10.0.0 (win64, Java) logging started Sat Jan  7 11:09:23 2023

Set parameter Username
Academic license - for non-commercial use only - expires 2023-12-26

Gurobi 10.0.0 (win64, Java) logging started Sat Jan  7 11:12:07 2023

Set parameter Username
Academic license - for non-commercial use only - expires 2023-12-26

Gurobi 10.0.0 (win64, Java) logging started Sat Jan  7 11:12:52 2023

Set parameter Username
Academic license - for non-commercial use only - expires 2023-12-26

Gurobi 10.0.0 (win64, Java) logging started Sat Jan  7 11:13:22 2023

Set parameter Username
Academic license - for non-commercial use only - expires 2023-12-26

Gurobi 10.0.0 (win64, Java) logging started Sat Jan  7 11:30:56 2023

Set parameter Username
Academic license - for non-commercial use only - expires 2023-12-26

Gurobi 10.0.0 (win64, Java) logging started Sat Jan  7 11:43:37 2023

Set parameter Username
Academic license - for non-commercial use only - expires 2023-12-26

Gurobi 10.0.0 (win64, Java) logging started Sat Jan  7 11:45:03 2023

Set parameter Username
Academic license - for non-commercial use only - expires 2023-12-26

Gurobi 10.0.0 (win64, Java) logging started Sat Jan  7 11:46:51 2023

Set parameter Username
Academic license - for non-commercial use only - expires 2023-12-26

Gurobi 10.0.0 (win64, Java) logging started Sat Jan  7 11:47:38 2023

Set parameter Username
Academic license - for non-commercial use only - expires 2023-12-26

Gurobi 10.0.0 (win64, Java) logging started Sat Jan  7 11:49:28 2023

Set parameter Username
Academic license - for non-commercial use only - expires 2023-12-26

Gurobi 10.0.0 (win64, Java) logging started Sat Jan  7 11:50:46 2023

Set parameter Username
Academic license - for non-commercial use only - expires 2023-12-26
Gurobi Optimizer version 10.0.0 build v10.0.0rc2 (win64)

CPU model: Intel(R) Core(TM) i5-8265U CPU @ 1.60GHz, instruction set [SSE2|AVX|AVX2]
Thread count: 4 physical cores, 8 logical processors, using up to 8 threads

Optimize a model with 2 rows, 778806 columns and 650142 nonzeros
Model fingerprint: 0xfa2b4142
Variable types: 0 continuous, 778806 integer (778806 binary)
Coefficient statistics:
  Matrix range     [1e+00, 1e+00]
  Objective range  [1e+00, 1e+00]
  Bounds range     [1e+00, 1e+00]
  RHS range        [1e+00, 1e+00]
Found heuristic solution: objective 1.0000000
Presolve removed 2 rows and 778806 columns
Presolve time: 0.25s
Presolve: All rows and columns removed

Explored 0 nodes (0 simplex iterations) in 0.40 seconds (0.25 work units)
Thread count was 1 (of 8 available processors)

Solution count 1: 1 

Optimal solution found (tolerance 1.00e-04)
Best objective 1.000000000000e+00, best bound 1.000000000000e+00, gap 0.0000%

Gurobi 10.0.0 (win64, Java) logging started Sat Jan  7 11:52:54 2023

Set parameter Username
Academic license - for non-commercial use only - expires 2023-12-26
Gurobi Optimizer version 10.0.0 build v10.0.0rc2 (win64)

CPU model: Intel(R) Core(TM) i5-8265U CPU @ 1.60GHz, instruction set [SSE2|AVX|AVX2]
Thread count: 4 physical cores, 8 logical processors, using up to 8 threads

Optimize a model with 2 rows, 778806 columns and 650142 nonzeros
Model fingerprint: 0xfa2b4142
Variable types: 0 continuous, 778806 integer (778806 binary)
Coefficient statistics:
  Matrix range     [1e+00, 1e+00]
  Objective range  [1e+00, 1e+00]
  Bounds range     [1e+00, 1e+00]
  RHS range        [1e+00, 1e+00]
Found heuristic solution: objective 1.0000000
Presolve removed 2 rows and 778806 columns
Presolve time: 0.26s
Presolve: All rows and columns removed

Explored 0 nodes (0 simplex iterations) in 0.45 seconds (0.25 work units)
Thread count was 1 (of 8 available processors)

Solution count 1: 1 

Optimal solution found (tolerance 1.00e-04)
Best objective 1.000000000000e+00, best bound 1.000000000000e+00, gap 0.0000%

Gurobi 10.0.0 (win64, Java) logging started Sat Jan  7 11:54:11 2023

Set parameter Username
Academic license - for non-commercial use only - expires 2023-12-26

Gurobi 10.0.0 (win64, Java) logging started Sat Jan  7 12:00:41 2023

Set parameter Username
Academic license - for non-commercial use only - expires 2023-12-26
Gurobi Optimizer version 10.0.0 build v10.0.0rc2 (win64)

CPU model: Intel(R) Core(TM) i5-8265U CPU @ 1.60GHz, instruction set [SSE2|AVX|AVX2]
Thread count: 4 physical cores, 8 logical processors, using up to 8 threads

Optimize a model with 2 rows, 778806 columns and 650142 nonzeros
Model fingerprint: 0xcdbfd4c3
Variable types: 0 continuous, 778806 integer (778806 binary)
Coefficient statistics:
  Matrix range     [1e+00, 1e+00]
  Objective range  [1e+00, 1e+00]
  Bounds range     [1e+00, 1e+00]
  RHS range        [1e+00, 1e+00]
Found heuristic solution: objective 1.0000000
Presolve removed 2 rows and 778806 columns
Presolve time: 0.29s
Presolve: All rows and columns removed

Explored 0 nodes (0 simplex iterations) in 0.48 seconds (0.27 work units)
Thread count was 1 (of 8 available processors)

Solution count 1: 1 

Optimal solution found (tolerance 1.00e-04)
Best objective 1.000000000000e+00, best bound 1.000000000000e+00, gap 0.0000%

Gurobi 10.0.0 (win64, Java) logging started Sat Jan  7 12:03:31 2023

Set parameter Username
Academic license - for non-commercial use only - expires 2023-12-26
Gurobi Optimizer version 10.0.0 build v10.0.0rc2 (win64)

CPU model: Intel(R) Core(TM) i5-8265U CPU @ 1.60GHz, instruction set [SSE2|AVX|AVX2]
Thread count: 4 physical cores, 8 logical processors, using up to 8 threads

Optimize a model with 2 rows, 778806 columns and 650142 nonzeros
Model fingerprint: 0xcdbfd4c3
Variable types: 0 continuous, 778806 integer (778806 binary)
Coefficient statistics:
  Matrix range     [1e+00, 1e+00]
  Objective range  [1e+00, 1e+00]
  Bounds range     [1e+00, 1e+00]
  RHS range        [1e+00, 1e+00]
Found heuristic solution: objective 1.0000000
Presolve removed 2 rows and 778806 columns
Presolve time: 0.27s
Presolve: All rows and columns removed

Explored 0 nodes (0 simplex iterations) in 0.45 seconds (0.27 work units)
Thread count was 1 (of 8 available processors)

Solution count 1: 1 

Optimal solution found (tolerance 1.00e-04)
Best objective 1.000000000000e+00, best bound 1.000000000000e+00, gap 0.0000%

Gurobi 10.0.0 (win64, Java) logging started Sun Jan  8 07:37:48 2023

Set parameter Username
Academic license - for non-commercial use only - expires 2023-12-26
Gurobi Optimizer version 10.0.0 build v10.0.0rc2 (win64)

CPU model: Intel(R) Core(TM) i5-8265U CPU @ 1.60GHz, instruction set [SSE2|AVX|AVX2]
Thread count: 4 physical cores, 8 logical processors, using up to 8 threads

Optimize a model with 1703 rows, 778806 columns and 644025 nonzeros
Model fingerprint: 0x3eb7eccf
Variable types: 0 continuous, 778806 integer (778806 binary)
Coefficient statistics:
  Matrix range     [1e+00, 1e+00]
  Objective range  [1e+00, 1e+00]
  Bounds range     [1e+00, 1e+00]
  RHS range        [1e+00, 1e+00]
Found heuristic solution: objective 862.0000000
Presolve removed 1703 rows and 778806 columns
Presolve time: 0.26s
Presolve: All rows and columns removed

Explored 0 nodes (0 simplex iterations) in 0.43 seconds (0.27 work units)
Thread count was 1 (of 8 available processors)

Solution count 1: 862 

Optimal solution found (tolerance 1.00e-04)
Best objective 8.620000000000e+02, best bound 8.620000000000e+02, gap 0.0000%

Gurobi 10.0.0 (win64, Java) logging started Sun Jan  8 07:39:23 2023

Set parameter Username
Academic license - for non-commercial use only - expires 2023-12-26
Gurobi Optimizer version 10.0.0 build v10.0.0rc2 (win64)

CPU model: Intel(R) Core(TM) i5-8265U CPU @ 1.60GHz, instruction set [SSE2|AVX|AVX2]
Thread count: 4 physical cores, 8 logical processors, using up to 8 threads

Optimize a model with 1703 rows, 778806 columns and 644025 nonzeros
Model fingerprint: 0x3eb7eccf
Variable types: 0 continuous, 778806 integer (778806 binary)
Coefficient statistics:
  Matrix range     [1e+00, 1e+00]
  Objective range  [1e+00, 1e+00]
  Bounds range     [1e+00, 1e+00]
  RHS range        [1e+00, 1e+00]
Found heuristic solution: objective 862.0000000
Presolve removed 1703 rows and 778806 columns
Presolve time: 0.33s
Presolve: All rows and columns removed

Explored 0 nodes (0 simplex iterations) in 0.55 seconds (0.27 work units)
Thread count was 1 (of 8 available processors)

Solution count 1: 862 

Optimal solution found (tolerance 1.00e-04)
Best objective 8.620000000000e+02, best bound 8.620000000000e+02, gap 0.0000%

Gurobi 10.0.0 (win64, Java) logging started Sun Jan  8 07:46:21 2023

Set parameter Username
Academic license - for non-commercial use only - expires 2023-12-26
Gurobi Optimizer version 10.0.0 build v10.0.0rc2 (win64)

CPU model: Intel(R) Core(TM) i5-8265U CPU @ 1.60GHz, instruction set [SSE2|AVX|AVX2]
Thread count: 4 physical cores, 8 logical processors, using up to 8 threads

Optimize a model with 1703 rows, 778806 columns and 644025 nonzeros
Model fingerprint: 0x3eb7eccf
Variable types: 0 continuous, 778806 integer (778806 binary)
Coefficient statistics:
  Matrix range     [1e+00, 1e+00]
  Objective range  [1e+00, 1e+00]
  Bounds range     [1e+00, 1e+00]
  RHS range        [1e+00, 1e+00]
Found heuristic solution: objective 862.0000000
Presolve removed 1703 rows and 778806 columns
Presolve time: 0.25s
Presolve: All rows and columns removed

Explored 0 nodes (0 simplex iterations) in 0.44 seconds (0.27 work units)
Thread count was 1 (of 8 available processors)

Solution count 1: 862 

Optimal solution found (tolerance 1.00e-04)
Best objective 8.620000000000e+02, best bound 8.620000000000e+02, gap 0.0000%

Gurobi 10.0.0 (win64, Java) logging started Sun Jan  8 07:53:55 2023

Set parameter Username
Academic license - for non-commercial use only - expires 2023-12-26
Gurobi Optimizer version 10.0.0 build v10.0.0rc2 (win64)

CPU model: Intel(R) Core(TM) i5-8265U CPU @ 1.60GHz, instruction set [SSE2|AVX|AVX2]
Thread count: 4 physical cores, 8 logical processors, using up to 8 threads

Optimize a model with 1703 rows, 325071 columns and 644025 nonzeros
Model fingerprint: 0x520f1848
Variable types: 0 continuous, 325071 integer (325071 binary)
Coefficient statistics:
  Matrix range     [1e+00, 1e+00]
  Objective range  [1e+00, 1e+00]
  Bounds range     [1e+00, 1e+00]
  RHS range        [1e+00, 1e+00]
Found heuristic solution: objective 862.0000000
Presolve removed 1703 rows and 325071 columns
Presolve time: 0.14s
Presolve: All rows and columns removed

Explored 0 nodes (0 simplex iterations) in 0.21 seconds (0.19 work units)
Thread count was 1 (of 8 available processors)

Solution count 1: 862 

Optimal solution found (tolerance 1.00e-04)
Best objective 8.620000000000e+02, best bound 8.620000000000e+02, gap 0.0000%

Gurobi 10.0.0 (win64, Java) logging started Sun Jan  8 07:59:08 2023

Set parameter Username
Academic license - for non-commercial use only - expires 2023-12-26
Gurobi Optimizer version 10.0.0 build v10.0.0rc2 (win64)

CPU model: Intel(R) Core(TM) i5-8265U CPU @ 1.60GHz, instruction set [SSE2|AVX|AVX2]
Thread count: 4 physical cores, 8 logical processors, using up to 8 threads

Optimize a model with 1703 rows, 325071 columns and 644025 nonzeros
Model fingerprint: 0x520f1848
Variable types: 0 continuous, 325071 integer (325071 binary)
Coefficient statistics:
  Matrix range     [1e+00, 1e+00]
  Objective range  [1e+00, 1e+00]
  Bounds range     [1e+00, 1e+00]
  RHS range        [1e+00, 1e+00]
Found heuristic solution: objective 862.0000000
Presolve removed 1703 rows and 325071 columns
Presolve time: 0.14s
Presolve: All rows and columns removed

Explored 0 nodes (0 simplex iterations) in 0.22 seconds (0.19 work units)
Thread count was 1 (of 8 available processors)

Solution count 1: 862 

Optimal solution found (tolerance 1.00e-04)
Best objective 8.620000000000e+02, best bound 8.620000000000e+02, gap 0.0000%
