
Gurobi 10.0.0 (win64, Java) logging started Sat Jan 14 14:13:34 2023

Set parameter Username
Academic license - for non-commercial use only - expires 2023-12-26
Gurobi Optimizer version 10.0.0 build v10.0.0rc2 (win64)

CPU model: Intel(R) Core(TM) i5-8265U CPU @ 1.60GHz, instruction set [SSE2|AVX|AVX2]
Thread count: 4 physical cores, 8 logical processors, using up to 8 threads

Optimize a model with 1704 rows, 326837 columns and 976916 nonzeros
Model fingerprint: 0xd7375ceb
Variable types: 0 continuous, 326837 integer (326837 binary)
Coefficient statistics:
  Matrix range     [1e+00, 1e+00]
  Objective range  [5e+01, 9e+03]
  Bounds range     [1e+00, 1e+00]
  RHS range        [1e+00, 8e+02]
Presolve removed 11 rows and 134 columns
Presolve time: 2.28s
Presolved: 1693 rows, 326703 columns, 804774 nonzeros
Variable types: 0 continuous, 326703 integer (326703 binary)
Deterministic concurrent LP optimizer: primal simplex, dual simplex, and barrier
Showing barrier log only...

Root barrier log...

Ordering time: 0.00s

Barrier statistics:
 AA' NZ     : 3.261e+05
 Factor NZ  : 5.080e+05 (roughly 140 MB of memory)
 Factor Ops : 2.380e+08 (less than 1 second per iteration)
 Threads    : 2

                  Objective                Residual
Iter       Primal          Dual         Primal    Dual     Compl     Time
   0   4.52132085e+09  9.07350000e+04  1.02e+06 4.66e+03  2.27e+04     4s
   1   2.54478252e+08 -2.95457969e+06  6.14e+04 3.42e+03  1.37e+03     4s
   2   2.28575337e+07 -3.83289090e+06  5.65e+03 3.64e-12  1.32e+02     4s
   3   8.93044250e+06 -2.95488710e+06  2.01e+03 5.46e-12  4.99e+01     5s
   4   3.50051142e+06 -1.79395171e+06  6.02e+02 3.64e-12  1.72e+01     5s
   5   2.23756366e+06 -9.00318051e+05  3.06e+02 5.46e-12  9.31e+00     5s
   6   1.47700416e+06 -3.85041565e+05  1.48e+02 5.46e-12  4.98e+00     5s
   7   9.86469188e+05 -1.32603603e+05  6.44e+01 5.46e-12  2.59e+00     5s
   8   6.94582754e+05 -2.70094635e+03  2.94e+01 3.64e-12  1.42e+00     5s
   9   6.59801061e+05  6.56082039e+04  2.60e+01 5.46e-12  1.20e+00     5s
  10   5.68620860e+05  1.33398946e+05  1.87e+01 5.46e-12  8.54e-01     5s
  11   4.92300397e+05  1.81244147e+05  1.32e+01 3.64e-12  5.97e-01     6s
  12   4.44950346e+05  1.95569368e+05  1.02e+01 3.64e-12  4.72e-01     6s
  13   3.76447590e+05  2.10892111e+05  5.71e+00 5.46e-12  3.03e-01     6s
  14   3.40532587e+05  2.27782039e+05  3.62e+00 5.46e-12  2.03e-01     6s
  15   3.15042386e+05  2.41849614e+05  2.22e+00 3.64e-12  1.30e-01     6s
  16   3.06822970e+05  2.43207396e+05  1.78e+00 5.46e-12  1.12e-01     6s
  17   2.94199927e+05  2.48117760e+05  1.17e+00 5.46e-12  7.98e-02     6s
  18   2.79760838e+05  2.53532169e+05  4.96e-01 5.46e-12  4.41e-02     6s
  19   2.75418455e+05  2.54472406e+05  3.27e-01 3.64e-12  3.47e-02     7s
  20   2.73883887e+05  2.57522140e+05  2.65e-01 3.64e-12  2.71e-02     7s
  21   2.69948664e+05  2.59919963e+05  9.84e-02 5.46e-12  1.62e-02     7s
  22   2.67404611e+05  2.66642965e+05  1.31e-02 7.28e-12  1.29e-03     7s
  23   2.66784180e+05  2.66772390e+05  4.59e-05 7.28e-12  1.85e-05     7s

Barrier performed 23 iterations in 7.25 seconds (6.38 work units)
Barrier solve interrupted - model solved by another algorithm

Concurrent spin time: 0.03s

Solved with primal simplex

Root simplex log...

Iteration    Objective       Primal Inf.    Dual Inf.      Time
  159979    2.6677800e+05   0.000000e+00   0.000000e+00      7s

Root relaxation: objective 2.667780e+05, 159979 iterations, 4.04 seconds (1.90 work units)

    Nodes    |    Current Node    |     Objective Bounds      |     Work
 Expl Unexpl |  Obj  Depth IntInf | Incumbent    BestBd   Gap | It/Node Time

*    0     0               0    266778.00000 266778.000  0.00%     -    7s

Explored 1 nodes (159979 simplex iterations) in 8.06 seconds (6.35 work units)
Thread count was 8 (of 8 available processors)

Solution count 1: 266778 

Optimal solution found (tolerance 1.00e-04)
Best objective 2.667780000000e+05, best bound 2.667780000000e+05, gap 0.0000%

Gurobi 10.0.0 (win64, Java) logging started Sat Jan 14 14:19:47 2023

Set parameter Username
Academic license - for non-commercial use only - expires 2023-12-26
Gurobi Optimizer version 10.0.0 build v10.0.0rc2 (win64)

CPU model: Intel(R) Core(TM) i5-8265U CPU @ 1.60GHz, instruction set [SSE2|AVX|AVX2]
Thread count: 4 physical cores, 8 logical processors, using up to 8 threads

Optimize a model with 1704 rows, 326837 columns and 976916 nonzeros
Model fingerprint: 0xd7375ceb
Variable types: 0 continuous, 326837 integer (326837 binary)
Coefficient statistics:
  Matrix range     [1e+00, 1e+00]
  Objective range  [5e+01, 9e+03]
  Bounds range     [1e+00, 1e+00]
  RHS range        [1e+00, 8e+02]
Presolve removed 11 rows and 134 columns
Presolve time: 2.00s
Presolved: 1693 rows, 326703 columns, 804774 nonzeros

Gurobi 10.0.0 (win64, Java) logging started Sat Jan 14 14:20:09 2023

Set parameter Username
Academic license - for non-commercial use only - expires 2023-12-26
Gurobi Optimizer version 10.0.0 build v10.0.0rc2 (win64)

CPU model: Intel(R) Core(TM) i5-8265U CPU @ 1.60GHz, instruction set [SSE2|AVX|AVX2]
Thread count: 4 physical cores, 8 logical processors, using up to 8 threads

Optimize a model with 1704 rows, 326837 columns and 976916 nonzeros
Model fingerprint: 0xd7375ceb
Variable types: 0 continuous, 326837 integer (326837 binary)
Coefficient statistics:
  Matrix range     [1e+00, 1e+00]
  Objective range  [5e+01, 9e+03]
  Bounds range     [1e+00, 1e+00]
  RHS range        [1e+00, 8e+02]
Presolve removed 11 rows and 134 columns
Presolve time: 2.01s
Presolved: 1693 rows, 326703 columns, 804774 nonzeros
Variable types: 0 continuous, 326703 integer (326703 binary)
Deterministic concurrent LP optimizer: primal simplex, dual simplex, and barrier
Showing barrier log only...

Root barrier log...

Ordering time: 0.00s

Barrier statistics:
 AA' NZ     : 3.261e+05
 Factor NZ  : 5.080e+05 (roughly 140 MB of memory)
 Factor Ops : 2.380e+08 (less than 1 second per iteration)
 Threads    : 2

                  Objective                Residual
Iter       Primal          Dual         Primal    Dual     Compl     Time
   0   4.52132085e+09  9.07350000e+04  1.02e+06 4.66e+03  2.27e+04     4s
   1   2.54478252e+08 -2.95457969e+06  6.14e+04 3.42e+03  1.37e+03     4s
   2   2.28575337e+07 -3.83289090e+06  5.65e+03 3.64e-12  1.32e+02     4s
   3   8.93044250e+06 -2.95488710e+06  2.01e+03 5.46e-12  4.99e+01     4s
   4   3.50051142e+06 -1.79395171e+06  6.02e+02 3.64e-12  1.72e+01     4s
   5   2.23756366e+06 -9.00318051e+05  3.06e+02 5.46e-12  9.31e+00     4s
   6   1.47700416e+06 -3.85041565e+05  1.48e+02 5.46e-12  4.98e+00     4s
   7   9.86469188e+05 -1.32603603e+05  6.44e+01 5.46e-12  2.59e+00     4s
   8   6.94582754e+05 -2.70094635e+03  2.94e+01 3.64e-12  1.42e+00     4s
   9   6.59801061e+05  6.56082039e+04  2.60e+01 5.46e-12  1.20e+00     5s
  10   5.68620860e+05  1.33398946e+05  1.87e+01 5.46e-12  8.54e-01     5s
  11   4.92300397e+05  1.81244147e+05  1.32e+01 3.64e-12  5.97e-01     5s
  12   4.44950346e+05  1.95569368e+05  1.02e+01 3.64e-12  4.72e-01     5s
  13   3.76447590e+05  2.10892111e+05  5.71e+00 5.46e-12  3.03e-01     5s
  14   3.40532587e+05  2.27782039e+05  3.62e+00 5.46e-12  2.03e-01     5s
  15   3.15042386e+05  2.41849614e+05  2.22e+00 3.64e-12  1.30e-01     5s
  16   3.06822970e+05  2.43207396e+05  1.78e+00 5.46e-12  1.12e-01     5s
  17   2.94199927e+05  2.48117760e+05  1.17e+00 5.46e-12  7.98e-02     5s
  18   2.79760838e+05  2.53532169e+05  4.96e-01 5.46e-12  4.41e-02     6s
  19   2.75418455e+05  2.54472406e+05  3.27e-01 3.64e-12  3.47e-02     6s
  20   2.73883887e+05  2.57522140e+05  2.65e-01 3.64e-12  2.71e-02     6s
  21   2.69948664e+05  2.59919963e+05  9.84e-02 5.46e-12  1.62e-02     6s
  22   2.67404611e+05  2.66642965e+05  1.31e-02 7.28e-12  1.29e-03     6s
  23   2.66784180e+05  2.66772390e+05  4.59e-05 7.28e-12  1.85e-05     6s

Barrier performed 23 iterations in 6.29 seconds (6.38 work units)
Barrier solve interrupted - model solved by another algorithm

Concurrent spin time: 0.05s

Solved with primal simplex

Root simplex log...

Iteration    Objective       Primal Inf.    Dual Inf.      Time
  159979    2.6677800e+05   0.000000e+00   0.000000e+00      6s

Root relaxation: objective 2.667780e+05, 159979 iterations, 3.46 seconds (1.90 work units)

    Nodes    |    Current Node    |     Objective Bounds      |     Work
 Expl Unexpl |  Obj  Depth IntInf | Incumbent    BestBd   Gap | It/Node Time

*    0     0               0    266778.00000 266778.000  0.00%     -    6s

Explored 1 nodes (159979 simplex iterations) in 7.04 seconds (6.35 work units)
Thread count was 8 (of 8 available processors)

Solution count 1: 266778 

Optimal solution found (tolerance 1.00e-04)
Best objective 2.667780000000e+05, best bound 2.667780000000e+05, gap 0.0000%

Gurobi 10.0.0 (win64, Java) logging started Sat Jan 14 17:30:36 2023

Set parameter Username
Academic license - for non-commercial use only - expires 2023-12-26
Gurobi Optimizer version 10.0.0 build v10.0.0rc2 (win64)

CPU model: Intel(R) Core(TM) i5-8265U CPU @ 1.60GHz, instruction set [SSE2|AVX|AVX2]
Thread count: 4 physical cores, 8 logical processors, using up to 8 threads

Optimize a model with 1704 rows, 326837 columns and 976916 nonzeros
Model fingerprint: 0xd7375ceb
Variable types: 0 continuous, 326837 integer (326837 binary)
Coefficient statistics:
  Matrix range     [1e+00, 1e+00]
  Objective range  [5e+01, 9e+03]
  Bounds range     [1e+00, 1e+00]
  RHS range        [1e+00, 8e+02]
Presolve removed 11 rows and 134 columns
Presolve time: 2.04s
Presolved: 1693 rows, 326703 columns, 804774 nonzeros
Variable types: 0 continuous, 326703 integer (326703 binary)
Deterministic concurrent LP optimizer: primal simplex, dual simplex, and barrier
Showing barrier log only...

Root barrier log...

Ordering time: 0.01s

Barrier statistics:
 AA' NZ     : 3.261e+05
 Factor NZ  : 5.080e+05 (roughly 140 MB of memory)
 Factor Ops : 2.380e+08 (less than 1 second per iteration)
 Threads    : 2

                  Objective                Residual
Iter       Primal          Dual         Primal    Dual     Compl     Time
   0   4.52132085e+09  9.07350000e+04  1.02e+06 4.66e+03  2.27e+04     4s
   1   2.54478252e+08 -2.95457969e+06  6.14e+04 3.42e+03  1.37e+03     5s
   2   2.28575337e+07 -3.83289090e+06  5.65e+03 3.64e-12  1.32e+02     5s
   3   8.93044250e+06 -2.95488710e+06  2.01e+03 5.46e-12  4.99e+01     5s
   4   3.50051142e+06 -1.79395171e+06  6.02e+02 3.64e-12  1.72e+01     5s
   5   2.23756366e+06 -9.00318051e+05  3.06e+02 5.46e-12  9.31e+00     5s
   6   1.47700416e+06 -3.85041565e+05  1.48e+02 5.46e-12  4.98e+00     5s
   7   9.86469188e+05 -1.32603603e+05  6.44e+01 5.46e-12  2.59e+00     5s
   8   6.94582754e+05 -2.70094635e+03  2.94e+01 3.64e-12  1.42e+00     5s
   9   6.59801061e+05  6.56082039e+04  2.60e+01 5.46e-12  1.20e+00     5s
  10   5.68620860e+05  1.33398946e+05  1.87e+01 5.46e-12  8.54e-01     5s
  11   4.92300397e+05  1.81244147e+05  1.32e+01 3.64e-12  5.97e-01     5s
  12   4.44950346e+05  1.95569368e+05  1.02e+01 3.64e-12  4.72e-01     5s
  13   3.76447590e+05  2.10892111e+05  5.71e+00 5.46e-12  3.03e-01     6s
  14   3.40532587e+05  2.27782039e+05  3.62e+00 5.46e-12  2.03e-01     6s
  15   3.15042386e+05  2.41849614e+05  2.22e+00 3.64e-12  1.30e-01     6s
  16   3.06822970e+05  2.43207396e+05  1.78e+00 5.46e-12  1.12e-01     6s
  17   2.94199927e+05  2.48117760e+05  1.17e+00 5.46e-12  7.98e-02     6s
  18   2.79760838e+05  2.53532169e+05  4.96e-01 5.46e-12  4.41e-02     6s
  19   2.75418455e+05  2.54472406e+05  3.27e-01 3.64e-12  3.47e-02     6s
  20   2.73883887e+05  2.57522140e+05  2.65e-01 3.64e-12  2.71e-02     6s
  21   2.69948664e+05  2.59919963e+05  9.84e-02 5.46e-12  1.62e-02     7s
  22   2.67404611e+05  2.66642965e+05  1.31e-02 7.28e-12  1.29e-03     7s
  23   2.66784180e+05  2.66772390e+05  4.59e-05 7.28e-12  1.85e-05     7s

Barrier performed 23 iterations in 6.77 seconds (6.38 work units)
Barrier solve interrupted - model solved by another algorithm

Concurrent spin time: 0.02s

Solved with primal simplex

Root simplex log...

Iteration    Objective       Primal Inf.    Dual Inf.      Time
  159979    2.6677800e+05   0.000000e+00   0.000000e+00      7s

Root relaxation: objective 2.667780e+05, 159979 iterations, 3.86 seconds (1.90 work units)

    Nodes    |    Current Node    |     Objective Bounds      |     Work
 Expl Unexpl |  Obj  Depth IntInf | Incumbent    BestBd   Gap | It/Node Time

*    0     0               0    266778.00000 266778.000  0.00%     -    6s

Explored 1 nodes (159979 simplex iterations) in 8.43 seconds (6.35 work units)
Thread count was 8 (of 8 available processors)

Solution count 1: 266778 

Optimal solution found (tolerance 1.00e-04)
Best objective 2.667780000000e+05, best bound 2.667780000000e+05, gap 0.0000%

Gurobi 10.0.0 (win64, Java) logging started Sat Jan 14 17:32:31 2023

Set parameter Username
Academic license - for non-commercial use only - expires 2023-12-26
Gurobi Optimizer version 10.0.0 build v10.0.0rc2 (win64)

CPU model: Intel(R) Core(TM) i5-8265U CPU @ 1.60GHz, instruction set [SSE2|AVX|AVX2]
Thread count: 4 physical cores, 8 logical processors, using up to 8 threads

Optimize a model with 1704 rows, 326837 columns and 976916 nonzeros
Model fingerprint: 0xd7375ceb
Variable types: 0 continuous, 326837 integer (326837 binary)
Coefficient statistics:
  Matrix range     [1e+00, 1e+00]
  Objective range  [5e+01, 9e+03]
  Bounds range     [1e+00, 1e+00]
  RHS range        [1e+00, 8e+02]
Presolve removed 11 rows and 134 columns
Presolve time: 2.09s
Presolved: 1693 rows, 326703 columns, 804774 nonzeros
Variable types: 0 continuous, 326703 integer (326703 binary)
Deterministic concurrent LP optimizer: primal simplex, dual simplex, and barrier
Showing barrier log only...

Root barrier log...

Ordering time: 0.00s

Barrier statistics:
 AA' NZ     : 3.261e+05
 Factor NZ  : 5.080e+05 (roughly 140 MB of memory)
 Factor Ops : 2.380e+08 (less than 1 second per iteration)
 Threads    : 2

                  Objective                Residual
Iter       Primal          Dual         Primal    Dual     Compl     Time
   0   4.52132085e+09  9.07350000e+04  1.02e+06 4.66e+03  2.27e+04     4s
   1   2.54478252e+08 -2.95457969e+06  6.14e+04 3.42e+03  1.37e+03     4s
   2   2.28575337e+07 -3.83289090e+06  5.65e+03 3.64e-12  1.32e+02     5s
   3   8.93044250e+06 -2.95488710e+06  2.01e+03 5.46e-12  4.99e+01     5s
   4   3.50051142e+06 -1.79395171e+06  6.02e+02 3.64e-12  1.72e+01     5s
   5   2.23756366e+06 -9.00318051e+05  3.06e+02 5.46e-12  9.31e+00     5s
   6   1.47700416e+06 -3.85041565e+05  1.48e+02 5.46e-12  4.98e+00     5s
   7   9.86469188e+05 -1.32603603e+05  6.44e+01 5.46e-12  2.59e+00     5s
   8   6.94582754e+05 -2.70094635e+03  2.94e+01 3.64e-12  1.42e+00     5s
   9   6.59801061e+05  6.56082039e+04  2.60e+01 5.46e-12  1.20e+00     5s
  10   5.68620860e+05  1.33398946e+05  1.87e+01 5.46e-12  8.54e-01     5s
  11   4.92300397e+05  1.81244147e+05  1.32e+01 3.64e-12  5.97e-01     5s
  12   4.44950346e+05  1.95569368e+05  1.02e+01 3.64e-12  4.72e-01     6s
  13   3.76447590e+05  2.10892111e+05  5.71e+00 5.46e-12  3.03e-01     6s
  14   3.40532587e+05  2.27782039e+05  3.62e+00 5.46e-12  2.03e-01     6s
  15   3.15042386e+05  2.41849614e+05  2.22e+00 3.64e-12  1.30e-01     6s
  16   3.06822970e+05  2.43207396e+05  1.78e+00 5.46e-12  1.12e-01     6s
  17   2.94199927e+05  2.48117760e+05  1.17e+00 5.46e-12  7.98e-02     6s
  18   2.79760838e+05  2.53532169e+05  4.96e-01 5.46e-12  4.41e-02     6s
  19   2.75418455e+05  2.54472406e+05  3.27e-01 3.64e-12  3.47e-02     6s
  20   2.73883887e+05  2.57522140e+05  2.65e-01 3.64e-12  2.71e-02     6s
  21   2.69948664e+05  2.59919963e+05  9.84e-02 5.46e-12  1.62e-02     7s
  22   2.67404611e+05  2.66642965e+05  1.31e-02 7.28e-12  1.29e-03     7s
  23   2.66784180e+05  2.66772390e+05  4.59e-05 7.28e-12  1.85e-05     7s

Barrier performed 23 iterations in 6.90 seconds (6.38 work units)
Barrier solve interrupted - model solved by another algorithm

Concurrent spin time: 0.01s

Solved with primal simplex

Root simplex log...

Iteration    Objective       Primal Inf.    Dual Inf.      Time
  159979    2.6677800e+05   0.000000e+00   0.000000e+00      7s

Root relaxation: objective 2.667780e+05, 159979 iterations, 3.90 seconds (1.90 work units)

    Nodes    |    Current Node    |     Objective Bounds      |     Work
 Expl Unexpl |  Obj  Depth IntInf | Incumbent    BestBd   Gap | It/Node Time

*    0     0               0    266778.00000 266778.000  0.00%     -    7s

Explored 1 nodes (159979 simplex iterations) in 7.92 seconds (6.35 work units)
Thread count was 8 (of 8 available processors)

Solution count 1: 266778 

Optimal solution found (tolerance 1.00e-04)
Best objective 2.667780000000e+05, best bound 2.667780000000e+05, gap 0.0000%

Gurobi 10.0.0 (win64, Java) logging started Sat Jan 14 17:33:30 2023

Set parameter Username
Academic license - for non-commercial use only - expires 2023-12-26
Gurobi Optimizer version 10.0.0 build v10.0.0rc2 (win64)

CPU model: Intel(R) Core(TM) i5-8265U CPU @ 1.60GHz, instruction set [SSE2|AVX|AVX2]
Thread count: 4 physical cores, 8 logical processors, using up to 8 threads

Optimize a model with 1704 rows, 326837 columns and 976916 nonzeros
Model fingerprint: 0xd7375ceb
Variable types: 0 continuous, 326837 integer (326837 binary)
Coefficient statistics:
  Matrix range     [1e+00, 1e+00]
  Objective range  [5e+01, 9e+03]
  Bounds range     [1e+00, 1e+00]
  RHS range        [1e+00, 8e+02]
Presolve removed 11 rows and 134 columns
Presolve time: 1.96s
Presolved: 1693 rows, 326703 columns, 804774 nonzeros
Variable types: 0 continuous, 326703 integer (326703 binary)
Deterministic concurrent LP optimizer: primal simplex, dual simplex, and barrier
Showing barrier log only...

Root barrier log...

Ordering time: 0.00s

Barrier statistics:
 AA' NZ     : 3.261e+05
 Factor NZ  : 5.080e+05 (roughly 140 MB of memory)
 Factor Ops : 2.380e+08 (less than 1 second per iteration)
 Threads    : 2

                  Objective                Residual
Iter       Primal          Dual         Primal    Dual     Compl     Time
   0   4.52132085e+09  9.07350000e+04  1.02e+06 4.66e+03  2.27e+04     4s
   1   2.54478252e+08 -2.95457969e+06  6.14e+04 3.42e+03  1.37e+03     4s
   2   2.28575337e+07 -3.83289090e+06  5.65e+03 3.64e-12  1.32e+02     4s
   3   8.93044250e+06 -2.95488710e+06  2.01e+03 5.46e-12  4.99e+01     4s
   4   3.50051142e+06 -1.79395171e+06  6.02e+02 3.64e-12  1.72e+01     4s
   5   2.23756366e+06 -9.00318051e+05  3.06e+02 5.46e-12  9.31e+00     4s
   6   1.47700416e+06 -3.85041565e+05  1.48e+02 5.46e-12  4.98e+00     4s
   7   9.86469188e+05 -1.32603603e+05  6.44e+01 5.46e-12  2.59e+00     4s
   8   6.94582754e+05 -2.70094635e+03  2.94e+01 3.64e-12  1.42e+00     4s
   9   6.59801061e+05  6.56082039e+04  2.60e+01 5.46e-12  1.20e+00     4s
  10   5.68620860e+05  1.33398946e+05  1.87e+01 5.46e-12  8.54e-01     4s
  11   4.92300397e+05  1.81244147e+05  1.32e+01 3.64e-12  5.97e-01     4s
  12   4.44950346e+05  1.95569368e+05  1.02e+01 3.64e-12  4.72e-01     5s
  13   3.76447590e+05  2.10892111e+05  5.71e+00 5.46e-12  3.03e-01     5s
  14   3.40532587e+05  2.27782039e+05  3.62e+00 5.46e-12  2.03e-01     5s
  15   3.15042386e+05  2.41849614e+05  2.22e+00 3.64e-12  1.30e-01     5s
  16   3.06822970e+05  2.43207396e+05  1.78e+00 5.46e-12  1.12e-01     5s
  17   2.94199927e+05  2.48117760e+05  1.17e+00 5.46e-12  7.98e-02     5s
  18   2.79760838e+05  2.53532169e+05  4.96e-01 5.46e-12  4.41e-02     5s
  19   2.75418455e+05  2.54472406e+05  3.27e-01 3.64e-12  3.47e-02     5s
  20   2.73883887e+05  2.57522140e+05  2.65e-01 3.64e-12  2.71e-02     5s
  21   2.69948664e+05  2.59919963e+05  9.84e-02 5.46e-12  1.62e-02     6s
  22   2.67404611e+05  2.66642965e+05  1.31e-02 7.28e-12  1.29e-03     6s
  23   2.66784180e+05  2.66772390e+05  4.59e-05 7.28e-12  1.85e-05     6s

Barrier performed 23 iterations in 5.74 seconds (6.38 work units)
Barrier solve interrupted - model solved by another algorithm

Concurrent spin time: 0.10s

Solved with primal simplex

Root simplex log...

Iteration    Objective       Primal Inf.    Dual Inf.      Time
  159979    2.6677800e+05   0.000000e+00   0.000000e+00      6s

Root relaxation: objective 2.667780e+05, 159979 iterations, 2.96 seconds (1.90 work units)

    Nodes    |    Current Node    |     Objective Bounds      |     Work
 Expl Unexpl |  Obj  Depth IntInf | Incumbent    BestBd   Gap | It/Node Time

*    0     0               0    266778.00000 266778.000  0.00%     -    5s

Explored 1 nodes (159979 simplex iterations) in 6.42 seconds (6.35 work units)
Thread count was 8 (of 8 available processors)

Solution count 1: 266778 

Optimal solution found (tolerance 1.00e-04)
Best objective 2.667780000000e+05, best bound 2.667780000000e+05, gap 0.0000%

Gurobi 10.0.0 (win64, Java) logging started Sun Jan 15 06:46:39 2023

Set parameter Username
Academic license - for non-commercial use only - expires 2023-12-26
Gurobi Optimizer version 10.0.0 build v10.0.0rc2 (win64)

CPU model: Intel(R) Core(TM) i5-8265U CPU @ 1.60GHz, instruction set [SSE2|AVX|AVX2]
Thread count: 4 physical cores, 8 logical processors, using up to 8 threads

Optimize a model with 1767 rows, 326837 columns and 976979 nonzeros
Model fingerprint: 0x2cbfd81d
Variable types: 0 continuous, 326837 integer (326837 binary)
Coefficient statistics:
  Matrix range     [1e+00, 1e+00]
  Objective range  [5e+01, 9e+03]
  Bounds range     [1e+00, 1e+00]
  RHS range        [1e+00, 8e+02]
Presolve removed 74 rows and 134 columns
Presolve time: 2.08s
Presolved: 1693 rows, 326703 columns, 804774 nonzeros
Variable types: 0 continuous, 326703 integer (326703 binary)
Deterministic concurrent LP optimizer: primal simplex, dual simplex, and barrier
Showing barrier log only...

Root barrier log...

Ordering time: 0.00s

Barrier statistics:
 AA' NZ     : 3.261e+05
 Factor NZ  : 5.080e+05 (roughly 140 MB of memory)
 Factor Ops : 2.380e+08 (less than 1 second per iteration)
 Threads    : 2

                  Objective                Residual
Iter       Primal          Dual         Primal    Dual     Compl     Time
   0   4.52144541e+09  2.15295000e+05  1.02e+06 4.66e+03  2.27e+04     4s
   1   2.54602812e+08 -2.83001969e+06  6.14e+04 3.42e+03  1.37e+03     4s
   2   2.29820937e+07 -3.70833090e+06  5.65e+03 3.64e-12  1.32e+02     4s
   3   9.05500250e+06 -2.83032710e+06  2.01e+03 5.46e-12  4.99e+01     4s
   4   3.62507142e+06 -1.66939171e+06  6.02e+02 3.64e-12  1.72e+01     4s
   5   2.36212366e+06 -7.75758051e+05  3.06e+02 5.46e-12  9.31e+00     4s
   6   1.60156416e+06 -2.60481565e+05  1.48e+02 5.46e-12  4.98e+00     4s
   7   1.11102919e+06 -8.04360260e+03  6.44e+01 5.46e-12  2.59e+00     4s
   8   8.19142754e+05  1.21859054e+05  2.94e+01 3.64e-12  1.42e+00     5s
   9   7.84361061e+05  1.90168204e+05  2.60e+01 5.46e-12  1.20e+00     5s
  10   6.93180860e+05  2.57958946e+05  1.87e+01 5.46e-12  8.54e-01     5s
  11   6.16860397e+05  3.05804147e+05  1.32e+01 3.64e-12  5.97e-01     5s
  12   5.69510346e+05  3.20129368e+05  1.02e+01 3.64e-12  4.72e-01     5s
  13   5.01007590e+05  3.35452111e+05  5.71e+00 5.46e-12  3.03e-01     5s
  14   4.65092587e+05  3.52342039e+05  3.62e+00 5.46e-12  2.03e-01     5s
  15   4.39602386e+05  3.66409614e+05  2.22e+00 3.64e-12  1.30e-01     5s
  16   4.31382970e+05  3.67767396e+05  1.78e+00 5.46e-12  1.12e-01     5s
  17   4.18759927e+05  3.72677760e+05  1.17e+00 5.46e-12  7.98e-02     6s
  18   4.04320838e+05  3.78092169e+05  4.96e-01 5.46e-12  4.41e-02     6s
  19   3.99978455e+05  3.79032406e+05  3.27e-01 3.64e-12  3.47e-02     6s
  20   3.98443887e+05  3.82082140e+05  2.65e-01 3.64e-12  2.71e-02     6s
  21   3.94508664e+05  3.84479963e+05  9.84e-02 5.46e-12  1.62e-02     6s
  22   3.91964611e+05  3.91202965e+05  1.31e-02 7.28e-12  1.29e-03     6s
  23   3.91344180e+05  3.91332390e+05  4.59e-05 7.28e-12  1.85e-05     6s

Barrier performed 23 iterations in 6.33 seconds (6.37 work units)
Barrier solve interrupted - model solved by another algorithm

Concurrent spin time: 0.03s

Solved with primal simplex

Root simplex log...

Iteration    Objective       Primal Inf.    Dual Inf.      Time
  159979    3.9133800e+05   0.000000e+00   0.000000e+00      6s

Root relaxation: objective 3.913380e+05, 159979 iterations, 3.35 seconds (1.90 work units)

    Nodes    |    Current Node    |     Objective Bounds      |     Work
 Expl Unexpl |  Obj  Depth IntInf | Incumbent    BestBd   Gap | It/Node Time

*    0     0               0    391338.00000 391338.000  0.00%     -    6s

Explored 1 nodes (159979 simplex iterations) in 7.09 seconds (6.35 work units)
Thread count was 8 (of 8 available processors)

Solution count 1: 391338 

Optimal solution found (tolerance 1.00e-04)
Best objective 3.913380000000e+05, best bound 3.913380000000e+05, gap 0.0000%

Gurobi 10.0.0 (win64, Java) logging started Sun Jan 15 06:59:06 2023

Set parameter Username
Academic license - for non-commercial use only - expires 2023-12-26
Gurobi Optimizer version 10.0.0 build v10.0.0rc2 (win64)

CPU model: Intel(R) Core(TM) i5-8265U CPU @ 1.60GHz, instruction set [SSE2|AVX|AVX2]
Thread count: 4 physical cores, 8 logical processors, using up to 8 threads

Optimize a model with 1767 rows, 326837 columns and 976979 nonzeros
Model fingerprint: 0x609cdc76
Variable types: 0 continuous, 326837 integer (326837 binary)
Coefficient statistics:
  Matrix range     [1e+00, 1e+00]
  Objective range  [5e+01, 9e+03]
  Bounds range     [1e+00, 1e+00]
  RHS range        [1e+00, 8e+02]
Presolve removed 74 rows and 138 columns
Presolve time: 1.94s
Presolved: 1693 rows, 326699 columns, 804766 nonzeros
Variable types: 0 continuous, 326699 integer (326699 binary)
Deterministic concurrent LP optimizer: primal simplex, dual simplex, and barrier
Showing barrier log only...

Root barrier log...

Ordering time: 0.00s

Barrier statistics:
 AA' NZ     : 3.260e+05
 Factor NZ  : 5.001e+05 (roughly 140 MB of memory)
 Factor Ops : 2.314e+08 (less than 1 second per iteration)
 Threads    : 2

                  Objective                Residual
Iter       Primal          Dual         Primal    Dual     Compl     Time
   0   4.51893841e+09  2.79994000e+05  1.02e+06 3.48e+03  1.85e+04     4s
   1   3.26717278e+08 -1.87937312e+06  7.96e+04 3.09e+03  1.45e+03     4s
   2   5.31015650e+07 -2.77798073e+06  1.37e+04 3.64e-12  2.56e+02     4s
   3   7.33807581e+06 -2.00986311e+06  1.57e+03 3.64e-12  3.33e+01     4s
   4   2.92467421e+06 -6.66013968e+05  4.32e+02 5.46e-12  1.03e+01     4s
   5   2.01504069e+06 -1.39101209e+05  2.27e+02 3.64e-12  5.79e+00     4s
   6   1.36506523e+06  1.39060829e+05  1.01e+02 5.46e-12  2.94e+00     4s
   7   1.05313908e+06  2.90261727e+05  4.94e+01 3.64e-12  1.65e+00     4s
   8   8.10843462e+05  4.30495571e+05  1.68e+01 3.64e-12  7.23e-01     4s
   9   7.37151379e+05  4.91137570e+05  9.99e+00 8.19e-12  4.52e-01     4s
  10   6.82516522e+05  5.29154346e+05  5.41e+00 5.46e-12  2.73e-01     4s
  11   6.55929866e+05  5.44529628e+05  3.49e+00 5.46e-12  1.94e-01     5s
  12   6.34801858e+05  5.68754659e+05  1.98e+00 3.64e-12  1.14e-01     5s
  13   6.31421070e+05  5.69554270e+05  1.76e+00 5.46e-12  1.06e-01     5s
  14   6.23545840e+05  5.76561557e+05  1.26e+00 5.46e-12  8.00e-02     5s
  15   6.14458588e+05  5.84575841e+05  7.23e-01 5.46e-12  5.04e-02     5s
  16   6.10368200e+05  5.90875252e+05  4.76e-01 3.64e-12  3.28e-02     5s
  17   6.06158872e+05  5.92937519e+05  2.45e-01 3.64e-12  2.18e-02     5s
  18   6.04991235e+05  5.95883302e+05  1.88e-01 3.64e-12  1.52e-02     5s
  19   6.03793522e+05  5.96936091e+05  1.30e-01 3.64e-12  1.14e-02     5s
  20   6.01341286e+05  6.00622751e+05  1.43e-02 5.46e-12  1.20e-03     5s
  21   6.00926789e+05  6.00894273e+05  9.08e-04 5.46e-12  5.64e-05     6s

Barrier performed 21 iterations in 5.53 seconds (6.15 work units)
Barrier solve interrupted - model solved by another algorithm

Concurrent spin time: 0.15s

Solved with primal simplex

Root simplex log...

Iteration    Objective       Primal Inf.    Dual Inf.      Time
  125089    6.0089500e+05   0.000000e+00   0.000000e+00      6s

Root relaxation: objective 6.008950e+05, 125089 iterations, 2.75 seconds (1.73 work units)

    Nodes    |    Current Node    |     Objective Bounds      |     Work
 Expl Unexpl |  Obj  Depth IntInf | Incumbent    BestBd   Gap | It/Node Time

*    0     0               0    600895.00000 600895.000  0.00%     -    5s

Explored 1 nodes (125089 simplex iterations) in 6.14 seconds (6.18 work units)
Thread count was 8 (of 8 available processors)

Solution count 1: 600895 

Optimal solution found (tolerance 1.00e-04)
Best objective 6.008950000000e+05, best bound 6.008950000000e+05, gap 0.0000%

Gurobi 10.0.0 (win64, Java) logging started Sun Jan 15 07:00:19 2023

Set parameter Username
Academic license - for non-commercial use only - expires 2023-12-26
Gurobi Optimizer version 10.0.0 build v10.0.0rc2 (win64)

CPU model: Intel(R) Core(TM) i5-8265U CPU @ 1.60GHz, instruction set [SSE2|AVX|AVX2]
Thread count: 4 physical cores, 8 logical processors, using up to 8 threads

Optimize a model with 1767 rows, 326837 columns and 976979 nonzeros
Model fingerprint: 0x609cdc76
Variable types: 0 continuous, 326837 integer (326837 binary)
Coefficient statistics:
  Matrix range     [1e+00, 1e+00]
  Objective range  [5e+01, 9e+03]
  Bounds range     [1e+00, 1e+00]
  RHS range        [1e+00, 8e+02]
Presolve removed 74 rows and 138 columns
Presolve time: 2.20s
Presolved: 1693 rows, 326699 columns, 804766 nonzeros
Variable types: 0 continuous, 326699 integer (326699 binary)
Deterministic concurrent LP optimizer: primal simplex, dual simplex, and barrier
Showing barrier log only...

Root barrier log...

Ordering time: 0.00s

Barrier statistics:
 AA' NZ     : 3.260e+05
 Factor NZ  : 5.001e+05 (roughly 140 MB of memory)
 Factor Ops : 2.314e+08 (less than 1 second per iteration)
 Threads    : 2

                  Objective                Residual
Iter       Primal          Dual         Primal    Dual     Compl     Time
   0   4.51893841e+09  2.79994000e+05  1.02e+06 3.48e+03  1.85e+04     4s
   1   3.26717278e+08 -1.87937312e+06  7.96e+04 3.09e+03  1.45e+03     4s
   2   5.31015650e+07 -2.77798073e+06  1.37e+04 3.64e-12  2.56e+02     4s
   3   7.33807581e+06 -2.00986311e+06  1.57e+03 3.64e-12  3.33e+01     4s
   4   2.92467421e+06 -6.66013968e+05  4.32e+02 5.46e-12  1.03e+01     5s
   5   2.01504069e+06 -1.39101209e+05  2.27e+02 3.64e-12  5.79e+00     5s
   6   1.36506523e+06  1.39060829e+05  1.01e+02 5.46e-12  2.94e+00     5s
   7   1.05313908e+06  2.90261727e+05  4.94e+01 3.64e-12  1.65e+00     5s
   8   8.10843462e+05  4.30495571e+05  1.68e+01 3.64e-12  7.23e-01     5s
   9   7.37151379e+05  4.91137570e+05  9.99e+00 8.19e-12  4.52e-01     5s
  10   6.82516522e+05  5.29154346e+05  5.41e+00 5.46e-12  2.73e-01     5s
  11   6.55929866e+05  5.44529628e+05  3.49e+00 5.46e-12  1.94e-01     5s
  12   6.34801858e+05  5.68754659e+05  1.98e+00 3.64e-12  1.14e-01     5s
  13   6.31421070e+05  5.69554270e+05  1.76e+00 5.46e-12  1.06e-01     5s
  14   6.23545840e+05  5.76561557e+05  1.26e+00 5.46e-12  8.00e-02     5s
  15   6.14458588e+05  5.84575841e+05  7.23e-01 5.46e-12  5.04e-02     6s
  16   6.10368200e+05  5.90875252e+05  4.76e-01 3.64e-12  3.28e-02     6s
  17   6.06158872e+05  5.92937519e+05  2.45e-01 3.64e-12  2.18e-02     6s
  18   6.04991235e+05  5.95883302e+05  1.88e-01 3.64e-12  1.52e-02     6s
  19   6.03793522e+05  5.96936091e+05  1.30e-01 3.64e-12  1.14e-02     6s
  20   6.01341286e+05  6.00622751e+05  1.43e-02 5.46e-12  1.20e-03     6s
  21   6.00926789e+05  6.00894273e+05  9.08e-04 5.46e-12  5.64e-05     6s

Barrier performed 21 iterations in 6.30 seconds (6.15 work units)
Barrier solve interrupted - model solved by another algorithm

Concurrent spin time: 0.03s

Solved with primal simplex

Root simplex log...

Iteration    Objective       Primal Inf.    Dual Inf.      Time
  125089    6.0089500e+05   0.000000e+00   0.000000e+00      6s

Root relaxation: objective 6.008950e+05, 125089 iterations, 3.16 seconds (1.73 work units)

    Nodes    |    Current Node    |     Objective Bounds      |     Work
 Expl Unexpl |  Obj  Depth IntInf | Incumbent    BestBd   Gap | It/Node Time

*    0     0               0    600895.00000 600895.000  0.00%     -    6s

Explored 1 nodes (125089 simplex iterations) in 7.03 seconds (6.18 work units)
Thread count was 8 (of 8 available processors)

Solution count 1: 600895 

Optimal solution found (tolerance 1.00e-04)
Best objective 6.008950000000e+05, best bound 6.008950000000e+05, gap 0.0000%
